#
# A fatal error has been detected by the Java Runtime Environment:
#
#  SIGSEGV (0xb) at pc=0x00007fff909ec4dd, pid=21270, tid=2571
#
# JRE version: Java(TM) SE Runtime Environment (8.0_71-b15) (build 1.8.0_71-b15)
# Java VM: Java HotSpot(TM) 64-Bit Server VM (25.71-b15 mixed mode bsd-amd64 compressed oops)
# Problematic frame:
# C  [libobjc.A.dylib+0x14dd]  objc_msgSend+0x1d
#
# Failed to write core dump. Core dumps have been disabled. To enable core dumping, try "ulimit -c unlimited" before starting Java again
#
# If you would like to submit a bug report, please visit:
#   http://bugreport.java.com/bugreport/crash.jsp
# The crash happened outside the Java Virtual Machine in native code.
# See problematic frame for where to report the bug.
#

---------------  T H R E A D  ---------------

Current thread (0x00007fd95c08f000):  JavaThread "AWT-AppKit" daemon [_thread_in_native, id=2571, stack(0x00007fff5dbe7000,0x00007fff5e3e7000)]

siginfo: si_signo: 11 (SIGSEGV), si_code: 1 (SEGV_MAPERR), si_addr: 0x0000000000000018

Registers:
RAX=0x00007fd95f1f2ac0, RBX=0x00000001721e9450, RCX=0x000000011c2885e0, RDX=0x000000011c0c4c00
RSP=0x00007fff5e3e24f8, RBP=0x00007fff5e3e25b0, RSI=0x00007fff909e3cde, RDI=0x00007fd95f33ccc0
R8 =0x0000000000000000, R9 =0x00000000000008b0, R10=0x00007fff909e3cde, R11=0x0000000000000000
R12=0x0000000000000000, R13=0x000000017749af40, R14=0x00000001721e9440, R15=0x00007fd95c08f000
RIP=0x00007fff909ec4dd, EFLAGS=0x0000000000010246, ERR=0x0000000000000004
  TRAPNO=0x000000000000000e

Top of Stack: (sp=0x00007fff5e3e24f8)
0x00007fff5e3e24f8:   00000001721e7157 00007fff5e3e2550
0x00007fff5e3e2508:   0000000000000003 00007fff5e3e2530
0x00007fff5e3e2518:   0000000102df0d66 000000017749af40
0x00007fff5e3e2528:   000000017749af40 00007fd95f1f2ac0
0x00007fff5e3e2538:   00000001721e96a0 00000001721e9710
0x00007fff5e3e2548:   00007fff70d7c770 00007fff71d2b500
0x00007fff5e3e2558:   00000001721e9450 00000001721e9690
0x00007fff5e3e2568:   00007fd95f1f2ac0 00007fd95f33ccc0
0x00007fff5e3e2578:   00007fd95a6cdab0 00007fd95f1f2ac0
0x00007fff5e3e2588:   00007fd95f33ccc0 00007fff5e3e2638
0x00007fff5e3e2598:   00007fd95c08f1f8 000000017749af40
0x00007fff5e3e25a8:   00007fff5e3e2660 00007fff5e3e2628
0x00007fff5e3e25b8:   0000000103ba4954 000000017749af40
0x00007fff5e3e25c8:   00007fff5e3e2660 00007fff5e3e2628
0x00007fff5e3e25d8:   0000000103ba46e7 0000000103ba46a2
0x00007fff5e3e25e8:   00007fff5e3e25e8 000000017749af40
0x00007fff5e3e25f8:   00007fff5e3e2660 00000001721bbde8
0x00007fff5e3e2608:   0000000000000000 000000017749af40
0x00007fff5e3e2618:   0000000000000000 00007fff5e3e2648
0x00007fff5e3e2628:   00007fff5e3e26a8 0000000103b96c4d
0x00007fff5e3e2638:   0000000740c567b8 0000000103b9e578
0x00007fff5e3e2648:   00007fd95f1f2ac0 00007fff5e3e26a8
0x00007fff5e3e2658:   00007fd95f33ccc0 0000000103b9fd82
0x00007fff5e3e2668:   00007fff5e3e2668 000000017749b10a
0x00007fff5e3e2678:   00007fff5e3e26d0 00000001721bbde8
0x00007fff5e3e2688:   0000000000000000 000000017749b118
0x00007fff5e3e2698:   00007fff5e3e2648 00007fff5e3e26b8
0x00007fff5e3e26a8:   00007fff5e3e2718 0000000103b96c4d
0x00007fff5e3e26b8:   00007fd95f1f2ac0 0000000740d05060
0x00007fff5e3e26c8:   00007fd95f33ccc0 0000000740d05060
0x00007fff5e3e26d8:   00007fff5e3e26d8 0000000177c7b17e
0x00007fff5e3e26e8:   00007fff5e3e2728 0000000177c7b238 

Instructions: (pc=0x00007fff909ec4dd)
0x00007fff909ec4bd:   44 00 00 48 85 ff 2e 74 62 40 f6 c7 01 2e 75 66
0x00007fff909ec4cd:   49 bb f8 ff ff ff ff 7f 00 00 4c 23 1f 49 89 f2
0x00007fff909ec4dd:   45 23 53 18 49 c1 e2 04 4d 03 53 10 49 3b 32 75
0x00007fff909ec4ed:   04 41 ff 62 08 49 83 3a 01 76 0d 49 83 c2 10 49 

Register to memory mapping:

RAX=0x00007fd95f1f2ac0 is an unknown value
RBX=0x00000001721e9450: Java_jogamp_nativewindow_macosx_OSXUtil_GetScreenRefreshRate0+0x1cf0 in /private/var/folders/bp/4r8fjq1s4h53mndl7lh4ynwc0000gn/T/jogamp_0000/file_cache/jln803188708186079101/jln109858672038044909/libnativewindow_macosx.jnilib at 0x00000001721e2000
RCX=0x000000011c2885e0 is an unknown value
RDX=0x000000011c0c4c00 is an unknown value
RSP=0x00007fff5e3e24f8 is pointing into the stack for thread: 0x00007fd95c08f000
RBP=0x00007fff5e3e25b0 is pointing into the stack for thread: 0x00007fd95c08f000
RSI=0x00007fff909e3cde is an unknown value
RDI=0x00007fd95f33ccc0 is an unknown value
R8 =0x0000000000000000 is an unknown value
R9 =0x00000000000008b0 is an unknown value
R10=0x00007fff909e3cde is an unknown value
R11=0x0000000000000000 is an unknown value
R12=0x0000000000000000 is an unknown value
R13={method} {0x000000017749af40} 'UnsetJAWTRootSurfaceLayer0' '(JJ)V' in 'jogamp/nativewindow/jawt/macosx/MacOSXJAWTWindow'
R14=0x00000001721e9440: Java_jogamp_nativewindow_macosx_OSXUtil_GetScreenRefreshRate0+0x1ce0 in /private/var/folders/bp/4r8fjq1s4h53mndl7lh4ynwc0000gn/T/jogamp_0000/file_cache/jln803188708186079101/jln109858672038044909/libnativewindow_macosx.jnilib at 0x00000001721e2000
R15=0x00007fd95c08f000 is a thread


Stack: [0x00007fff5dbe7000,0x00007fff5e3e7000],  sp=0x00007fff5e3e24f8,  free space=8173k
Native frames: (J=compiled Java code, j=interpreted, Vv=VM code, C=native code)
C  [libobjc.A.dylib+0x14dd]  objc_msgSend+0x1d
j  jogamp.nativewindow.jawt.macosx.MacOSXJAWTWindow.UnsetJAWTRootSurfaceLayer0(JJ)V+0
j  jogamp.nativewindow.jawt.macosx.MacOSXJAWTWindow.access$200(JJ)V+2
j  jogamp.nativewindow.jawt.macosx.MacOSXJAWTWindow$1.run()V+38
J 2867 C2 com.jogamp.common.util.RunnableTask.run()V (345 bytes) @ 0x0000000103d77078 [0x0000000103d76fc0+0xb8]
v  ~StubRoutines::call_stub
V  [libjvm.dylib+0x2ea59a]  JavaCalls::call_helper(JavaValue*, methodHandle*, JavaCallArguments*, Thread*)+0x6ae
V  [libjvm.dylib+0x3216a3]  jni_invoke_nonstatic(JNIEnv_*, JavaValue*, _jobject*, JNICallType, _jmethodID*, JNI_ArgumentPusher*, Thread*)+0x2ec
V  [libjvm.dylib+0x313e77]  jni_CallVoidMethod+0x16b
C  [libnativewindow_macosx.jnilib+0x5326]  Java_jogamp_nativewindow_jawt_macosx_MacOSXJAWTWindow_UnsetJAWTRootSurfaceLayer0+0x2b6
C  [Foundation+0x76fde]  __NSThreadPerformPerform+0x117
C  [CoreFoundation+0xaa881]  __CFRUNLOOP_IS_CALLING_OUT_TO_A_SOURCE0_PERFORM_FUNCTION__+0x11
C  [CoreFoundation+0x89f37]  __CFRunLoopDoSources0+0x1a7
C  [CoreFoundation+0x894df]  __CFRunLoopRun+0x39f
C  [CoreFoundation+0x88ed8]  CFRunLoopRunSpecific+0x128
C  [HIToolbox+0x30935]  RunCurrentEventLoopInMode+0xeb
C  [HIToolbox+0x30677]  ReceiveNextEventCommon+0xb8
C  [HIToolbox+0x305af]  _BlockUntilNextEventMatchingListInModeWithFilter+0x47
C  [AppKit+0x48df6]  _DPSNextEvent+0x42b
C  [AppKit+0x48226]  -[NSApplication _nextEventMatchingEventMask:untilDate:inMode:dequeue:]+0x1c6
C  [libosxapp.dylib+0x23aa]  -[NSApplicationAWT nextEventMatchingMask:untilDate:inMode:dequeue:]+0x7c
C  [AppKit+0x3cd80]  -[NSApplication run]+0x2aa
C  [libosxapp.dylib+0x214d]  +[NSApplicationAWT runAWTLoopWithApp:]+0x9c
C  [libawt_lwawt.dylib+0x4455b]  -[AWTStarter starter:]+0x389
C  [Foundation+0x76fde]  __NSThreadPerformPerform+0x117
C  [CoreFoundation+0xaa881]  __CFRUNLOOP_IS_CALLING_OUT_TO_A_SOURCE0_PERFORM_FUNCTION__+0x11
C  [CoreFoundation+0x89fbc]  __CFRunLoopDoSources0+0x22c
C  [CoreFoundation+0x894df]  __CFRunLoopRun+0x39f
C  [CoreFoundation+0x88ed8]  CFRunLoopRunSpecific+0x128
C  [java+0x6463]  CreateExecutionEnvironment+0x367
C  [java+0x21ac]  JLI_Launch+0x7a0
C  [java+0x84c0]  main+0x65
C  [java+0x1a04]  start+0x34
C  0x0000000000000007

Java frames: (J=compiled Java code, j=interpreted, Vv=VM code)
j  jogamp.nativewindow.jawt.macosx.MacOSXJAWTWindow.UnsetJAWTRootSurfaceLayer0(JJ)V+0
j  jogamp.nativewindow.jawt.macosx.MacOSXJAWTWindow.access$200(JJ)V+2
j  jogamp.nativewindow.jawt.macosx.MacOSXJAWTWindow$1.run()V+38
J 2867 C2 com.jogamp.common.util.RunnableTask.run()V (345 bytes) @ 0x0000000103d77078 [0x0000000103d76fc0+0xb8]
v  ~StubRoutines::call_stub

---------------  P R O C E S S  ---------------

Java Threads: ( => current thread )
  0x00007fd95b242000 JavaThread "Thread-32" [_thread_blocked, id=13735, stack(0x0000700001efd000,0x0000700001ffd000)]
  0x00007fd960402800 JavaThread "Thread-31" [_thread_in_native, id=66423, stack(0x000070000104a000,0x000070000114a000)]
  0x00007fd96057b000 JavaThread "Thread-30" [_thread_in_native, id=13335, stack(0x0000700001bf4000,0x0000700001cf4000)]
  0x00007fd95c61a800 JavaThread "Thread-29" [_thread_in_native, id=70495, stack(0x00007000019ee000,0x0000700001aee000)]
  0x00007fd960403800 JavaThread "Thread-28" [_thread_in_native, id=70931, stack(0x0000700001af1000,0x0000700001bf1000)]
  0x00007fd95af41000 JavaThread "Image Fetcher 0" daemon [_thread_blocked, id=66571, stack(0x0000700001dfa000,0x0000700001efa000)]
  0x00007fd960402000 JavaThread "Keep-Alive-Timer" daemon [_thread_blocked, id=24171, stack(0x0000700001cf7000,0x0000700001df7000)]
  0x00007fd95c15a000 JavaThread "AWT-EventQueue-1" [_thread_in_native, id=64039, stack(0x0000700001868000,0x0000700001968000)]
  0x00007fd95c000000 JavaThread "DestroyJavaVM" [_thread_blocked, id=5891, stack(0x000070000011a000,0x000070000021a000)]
  0x00007fd95c11c000 JavaThread "AWT-EventQueue-0" [_thread_blocked, id=54031, stack(0x0000700001662000,0x0000700001762000)]
  0x00007fd95a8f6000 JavaThread "Java2D Disposer" daemon [_thread_blocked, id=50199, stack(0x00007000013d9000,0x00007000014d9000)]
  0x00007fd95b94d800 JavaThread "Java2D Queue Flusher" daemon [_thread_blocked, id=49931, stack(0x00007000012d6000,0x00007000013d6000)]
  0x00007fd95a8a6000 JavaThread "AWT-Shutdown" [_thread_blocked, id=27947, stack(0x0000700001150000,0x0000700001250000)]
=>0x00007fd95c08f000 JavaThread "AWT-AppKit" daemon [_thread_in_native, id=2571, stack(0x00007fff5dbe7000,0x00007fff5e3e7000)]
  0x00007fd95b045800 JavaThread "Service Thread" daemon [_thread_blocked, id=18435, stack(0x0000700000dc1000,0x0000700000ec1000)]
  0x00007fd95b027800 JavaThread "C1 CompilerThread2" daemon [_thread_blocked, id=17923, stack(0x0000700000cbe000,0x0000700000dbe000)]
  0x00007fd95c012800 JavaThread "C2 CompilerThread1" daemon [_thread_blocked, id=17411, stack(0x0000700000bbb000,0x0000700000cbb000)]
  0x00007fd95c00a800 JavaThread "C2 CompilerThread0" daemon [_thread_blocked, id=16899, stack(0x0000700000ab8000,0x0000700000bb8000)]
  0x00007fd95c00d000 JavaThread "Signal Dispatcher" daemon [_thread_blocked, id=13839, stack(0x00007000009b5000,0x0000700000ab5000)]
  0x00007fd95a83e000 JavaThread "Finalizer" daemon [_thread_blocked, id=12291, stack(0x000070000082f000,0x000070000092f000)]
  0x00007fd95a83d000 JavaThread "Reference Handler" daemon [_thread_blocked, id=11779, stack(0x000070000072c000,0x000070000082c000)]

Other Threads:
  0x00007fd95a83a800 VMThread [stack: 0x0000700000629000,0x0000700000729000] [id=11267]
  0x00007fd95b04a000 WatcherThread [stack: 0x0000700000ec4000,0x0000700000fc4000] [id=18947]

VM state:not at safepoint (normal execution)

VM Mutex/Monitor currently owned by a thread: None

Heap:
 PSYoungGen      total 29184K, used 24583K [0x0000000795580000, 0x0000000797800000, 0x00000007c0000000)
  eden space 24064K, 92% used [0x0000000795580000,0x0000000796b49bc8,0x0000000796d00000)
  from space 5120K, 44% used [0x0000000796d00000,0x0000000796f380a0,0x0000000797200000)
  to   space 5632K, 0% used [0x0000000797280000,0x0000000797280000,0x0000000797800000)
 ParOldGen       total 52736K, used 18433K [0x0000000740000000, 0x0000000743380000, 0x0000000795580000)
  object space 52736K, 34% used [0x0000000740000000,0x0000000741200460,0x0000000743380000)
 Metaspace       used 21183K, capacity 21399K, committed 21552K, reserved 1069056K
  class space    used 2049K, capacity 2112K, committed 2176K, reserved 1048576K

Card table byte_map: [0x0000000112f4f000,0x0000000113350000] byte_map_base: 0x000000010f54f000

Marking Bits: (ParMarkBitMap*) 0x00000001034e3ea0
 Begin Bits: [0x00000001135fb000, 0x00000001155fb000)
 End Bits:   [0x00000001155fb000, 0x00000001175fb000)

Polling page: 0x0000000101c51000

CodeCache: size=245760Kb used=9723Kb max_used=10025Kb free=236036Kb
 bounds [0x0000000103b8f000, 0x000000010457f000, 0x0000000112b8f000]
 total_blobs=3520 nmethods=2632 adapters=801
 compilation: enabled

Compilation events (10 events):
Event: 108.597 Thread 0x00007fd95c00a800 3191       4       java.beans.WeakIdentityMap$Entry::isMatched (22 bytes)
Event: 108.597 Thread 0x00007fd95c012800 3192  s    4       sun.misc.URLClassPath::getNextLoader (88 bytes)
Event: 108.598 Thread 0x00007fd95c00a800 nmethod 3191 0x00000001043dbc50 code [0x00000001043dbda0, 0x00000001043dbe58]
Event: 108.599 Thread 0x00007fd95c00a800 3193  s!   4       sun.misc.URLClassPath::getLoader (197 bytes)
Event: 108.603 Thread 0x00007fd95c012800 nmethod 3192 0x000000010431e910 code [0x000000010431ea80, 0x000000010431f1f8]
Event: 108.603 Thread 0x00007fd95c00a800 nmethod 3193 0x00000001042f5e10 code [0x00000001042f5f80, 0x00000001042f6758]
Event: 108.608 Thread 0x00007fd95b027800 3194       3       sun.misc.JarIndex::get (49 bytes)
Event: 108.608 Thread 0x00007fd95b027800 nmethod 3194 0x000000010434ff90 code [0x0000000104350160, 0x00000001043509d8]
Event: 108.608 Thread 0x00007fd95b027800 3195       3       java.util.LinkedHashMap::afterNodeRemoval (65 bytes)
Event: 108.608 Thread 0x00007fd95b027800 nmethod 3195 0x0000000103d73990 code [0x0000000103d73b00, 0x0000000103d73eb0]

GC Heap History (10 events):
Event: 101.077 GC heap before
{Heap before GC invocations=28 (full 1):
 PSYoungGen      total 31232K, used 24192K [0x0000000795580000, 0x0000000797b00000, 0x00000007c0000000)
  eden space 24064K, 100% used [0x0000000795580000,0x0000000796d00000,0x0000000796d00000)
  from space 7168K, 1% used [0x0000000797400000,0x0000000797420000,0x0000000797b00000)
  to   space 7168K, 0% used [0x0000000796d00000,0x0000000796d00000,0x0000000797400000)
 ParOldGen       total 52736K, used 16184K [0x0000000740000000, 0x0000000743380000, 0x0000000795580000)
  object space 52736K, 30% used [0x0000000740000000,0x0000000740fce250,0x0000000743380000)
 Metaspace       used 21113K, capacity 21335K, committed 21552K, reserved 1069056K
  class space    used 2041K, capacity 2112K, committed 2176K, reserved 1048576K
Event: 101.078 GC heap after
Heap after GC invocations=28 (full 1):
 PSYoungGen      total 24576K, used 128K [0x0000000795580000, 0x0000000797a00000, 0x00000007c0000000)
  eden space 24064K, 0% used [0x0000000795580000,0x0000000795580000,0x0000000796d00000)
  from space 512K, 25% used [0x0000000796d00000,0x0000000796d20000,0x0000000796d80000)
  to   space 6656K, 0% used [0x0000000797380000,0x0000000797380000,0x0000000797a00000)
 ParOldGen       total 52736K, used 16232K [0x0000000740000000, 0x0000000743380000, 0x0000000795580000)
  object space 52736K, 30% used [0x0000000740000000,0x0000000740fda250,0x0000000743380000)
 Metaspace       used 21113K, capacity 21335K, committed 21552K, reserved 1069056K
  class space    used 2041K, capacity 2112K, committed 2176K, reserved 1048576K
}
Event: 103.111 GC heap before
{Heap before GC invocations=29 (full 1):
 PSYoungGen      total 24576K, used 24192K [0x0000000795580000, 0x0000000797a00000, 0x00000007c0000000)
  eden space 24064K, 100% used [0x0000000795580000,0x0000000796d00000,0x0000000796d00000)
  from space 512K, 25% used [0x0000000796d00000,0x0000000796d20000,0x0000000796d80000)
  to   space 6656K, 0% used [0x0000000797380000,0x0000000797380000,0x0000000797a00000)
 ParOldGen       total 52736K, used 16232K [0x0000000740000000, 0x0000000743380000, 0x0000000795580000)
  object space 52736K, 30% used [0x0000000740000000,0x0000000740fda250,0x0000000743380000)
 Metaspace       used 21125K, capacity 21335K, committed 21552K, reserved 1069056K
  class space    used 2041K, capacity 2112K, committed 2176K, reserved 1048576K
Event: 103.112 GC heap after
Heap after GC invocations=29 (full 1):
 PSYoungGen      total 29696K, used 1264K [0x0000000795580000, 0x0000000797900000, 0x00000007c0000000)
  eden space 24064K, 0% used [0x0000000795580000,0x0000000795580000,0x0000000796d00000)
  from space 5632K, 22% used [0x0000000797380000,0x00000007974bc070,0x0000000797900000)
  to   space 6144K, 0% used [0x0000000796d00000,0x0000000796d00000,0x0000000797300000)
 ParOldGen       total 52736K, used 16256K [0x0000000740000000, 0x0000000743380000, 0x0000000795580000)
  object space 52736K, 30% used [0x0000000740000000,0x0000000740fe0250,0x0000000743380000)
 Metaspace       used 21125K, capacity 21335K, committed 21552K, reserved 1069056K
  class space    used 2041K, capacity 2112K, committed 2176K, reserved 1048576K
}
Event: 104.463 GC heap before
{Heap before GC invocations=30 (full 1):
 PSYoungGen      total 29696K, used 25328K [0x0000000795580000, 0x0000000797900000, 0x00000007c0000000)
  eden space 24064K, 100% used [0x0000000795580000,0x0000000796d00000,0x0000000796d00000)
  from space 5632K, 22% used [0x0000000797380000,0x00000007974bc070,0x0000000797900000)
  to   space 6144K, 0% used [0x0000000796d00000,0x0000000796d00000,0x0000000797300000)
 ParOldGen       total 52736K, used 16256K [0x0000000740000000, 0x0000000743380000, 0x0000000795580000)
  object space 52736K, 30% used [0x0000000740000000,0x0000000740fe0250,0x0000000743380000)
 Metaspace       used 21132K, capacity 21335K, committed 21552K, reserved 1069056K
  class space    used 2041K, capacity 2112K, committed 2176K, reserved 1048576K
Event: 104.465 GC heap after
Heap after GC invocations=30 (full 1):
 PSYoungGen      total 25088K, used 704K [0x0000000795580000, 0x0000000797800000, 0x00000007c0000000)
  eden space 24064K, 0% used [0x0000000795580000,0x0000000795580000,0x0000000796d00000)
  from space 1024K, 68% used [0x0000000796d00000,0x0000000796db0040,0x0000000796e00000)
  to   space 5632K, 0% used [0x0000000797280000,0x0000000797280000,0x0000000797800000)
 ParOldGen       total 52736K, used 17224K [0x0000000740000000, 0x0000000743380000, 0x0000000795580000)
  object space 52736K, 32% used [0x0000000740000000,0x00000007410d2370,0x0000000743380000)
 Metaspace       used 21132K, capacity 21335K, committed 21552K, reserved 1069056K
  class space    used 2041K, capacity 2112K, committed 2176K, reserved 1048576K
}
Event: 105.923 GC heap before
{Heap before GC invocations=31 (full 1):
 PSYoungGen      total 25088K, used 24768K [0x0000000795580000, 0x0000000797800000, 0x00000007c0000000)
  eden space 24064K, 100% used [0x0000000795580000,0x0000000796d00000,0x0000000796d00000)
  from space 1024K, 68% used [0x0000000796d00000,0x0000000796db0040,0x0000000796e00000)
  to   space 5632K, 0% used [0x0000000797280000,0x0000000797280000,0x0000000797800000)
 ParOldGen       total 52736K, used 17224K [0x0000000740000000, 0x0000000743380000, 0x0000000795580000)
  object space 52736K, 32% used [0x0000000740000000,0x00000007410d2370,0x0000000743380000)
 Metaspace       used 21134K, capacity 21335K, committed 21552K, reserved 1069056K
  class space    used 2041K, capacity 2112K, committed 2176K, reserved 1048576K
Event: 105.924 GC heap after
Heap after GC invocations=31 (full 1):
 PSYoungGen      total 28672K, used 1232K [0x0000000795580000, 0x0000000797700000, 0x00000007c0000000)
  eden space 24064K, 0% used [0x0000000795580000,0x0000000795580000,0x0000000796d00000)
  from space 4608K, 26% used [0x0000000797280000,0x00000007973b4070,0x0000000797700000)
  to   space 5120K, 0% used [0x0000000796d00000,0x0000000796d00000,0x0000000797200000)
 ParOldGen       total 52736K, used 17792K [0x0000000740000000, 0x0000000743380000, 0x0000000795580000)
  object space 52736K, 33% used [0x0000000740000000,0x00000007411603b0,0x0000000743380000)
 Metaspace       used 21134K, capacity 21335K, committed 21552K, reserved 1069056K
  class space    used 2041K, capacity 2112K, committed 2176K, reserved 1048576K
}
Event: 107.213 GC heap before
{Heap before GC invocations=32 (full 1):
 PSYoungGen      total 28672K, used 25296K [0x0000000795580000, 0x0000000797700000, 0x00000007c0000000)
  eden space 24064K, 100% used [0x0000000795580000,0x0000000796d00000,0x0000000796d00000)
  from space 4608K, 26% used [0x0000000797280000,0x00000007973b4070,0x0000000797700000)
  to   space 5120K, 0% used [0x0000000796d00000,0x0000000796d00000,0x0000000797200000)
 ParOldGen       total 52736K, used 17792K [0x0000000740000000, 0x0000000743380000, 0x0000000795580000)
  object space 52736K, 33% used [0x0000000740000000,0x00000007411603b0,0x0000000743380000)
 Metaspace       used 21144K, capacity 21335K, committed 21552K, reserved 1069056K
  class space    used 2041K, capacity 2112K, committed 2176K, reserved 1048576K
Event: 107.215 GC heap after
Heap after GC invocations=32 (full 1):
 PSYoungGen      total 29184K, used 2272K [0x0000000795580000, 0x0000000797800000, 0x00000007c0000000)
  eden space 24064K, 0% used [0x0000000795580000,0x0000000795580000,0x0000000796d00000)
  from space 5120K, 44% used [0x0000000796d00000,0x0000000796f380a0,0x0000000797200000)
  to   space 5632K, 0% used [0x0000000797280000,0x0000000797280000,0x0000000797800000)
 ParOldGen       total 52736K, used 18433K [0x0000000740000000, 0x0000000743380000, 0x0000000795580000)
  object space 52736K, 34% used [0x0000000740000000,0x0000000741200460,0x0000000743380000)
 Metaspace       used 21144K, capacity 21335K, committed 21552K, reserved 1069056K
  class space    used 2041K, capacity 2112K, committed 2176K, reserved 1048576K
}

Deoptimization events (10 events):
Event: 108.550 Thread 0x00007fd95c11c000 Uncommon trap: reason=unstable_if action=reinterpret pc=0x0000000104022a20 method=sun.java2d.pipe.Region.isInsideXYXY(IIII)Z @ 30
Event: 108.550 Thread 0x00007fd95c11c000 Uncommon trap: reason=unstable_if action=reinterpret pc=0x00000001042cedd4 method=java.awt.Font.equals(Ljava/lang/Object;)Z @ 2
Event: 108.579 Thread 0x00007fd95c15a000 Uncommon trap: reason=class_check action=maybe_recompile pc=0x00000001041b9280 method=java.awt.event.InvocationEvent.dispatch()V @ 11
Event: 108.595 Thread 0x00007fd95b970800 Uncommon trap: reason=unstable_if action=reinterpret pc=0x000000010407151c method=java.util.HashMap.putVal(ILjava/lang/Object;Ljava/lang/Object;ZZ)Ljava/lang/Object; @ 81
Event: 108.596 Thread 0x00007fd95b970800 Uncommon trap: reason=unstable_if action=reinterpret pc=0x000000010406ed40 method=java.util.HashMap.putVal(ILjava/lang/Object;Ljava/lang/Object;ZZ)Ljava/lang/Object; @ 81
Event: 108.596 Thread 0x00007fd95c11c000 Uncommon trap: reason=class_check action=maybe_recompile pc=0x00000001040ba074 method=java.awt.event.InvocationEvent.dispatch()V @ 47
Event: 108.596 Thread 0x00007fd95c11c000 Uncommon trap: reason=class_check action=maybe_recompile pc=0x00000001040cf01c method=java.awt.Component.getGraphics()Ljava/awt/Graphics; @ 114
Event: 108.596 Thread 0x00007fd95c11c000 Uncommon trap: reason=unstable_if action=reinterpret pc=0x00000001040fe9e8 method=sun.java2d.pipe.Region.isEmpty()Z @ 19
Event: 108.609 Thread 0x00007fd95c15a000 Uncommon trap: reason=unstable_if action=reinterpret pc=0x00000001041e73d8 method=java.util.LinkedList$ListItr.<init>(Ljava/util/LinkedList;I)V @ 26
Event: 108.611 Thread 0x00007fd95c11c000 Uncommon trap: reason=class_check action=maybe_recompile pc=0x00000001040cf01c method=java.awt.Component.getGraphics()Ljava/awt/Graphics; @ 114

Internal exceptions (10 events):
Event: 0.165 Thread 0x00007fd95c000000 Exception <a 'java/lang/NoSuchFieldError': method resolution failed> (0x00000007958875f8) thrown at [/Users/java_re/workspace/8-2-build-macosx-x86_64/jdk8u71/5731/hotspot/src/share/vm/prims/methodHandles.cpp, line 1146]
Event: 0.335 Thread 0x00007fd95c000000 Exception <a 'java/io/FileNotFoundException'> (0x0000000795903498) thrown at [/Users/java_re/workspace/8-2-build-macosx-x86_64/jdk8u71/5731/hotspot/src/share/vm/prims/jni.cpp, line 709]
Event: 0.335 Thread 0x00007fd95c000000 Exception <a 'java/io/FileNotFoundException'> (0x0000000795904000) thrown at [/Users/java_re/workspace/8-2-build-macosx-x86_64/jdk8u71/5731/hotspot/src/share/vm/prims/jni.cpp, line 709]
Event: 0.456 Thread 0x00007fd95c000000 Exception <a 'java/io/FileNotFoundException'> (0x0000000795ae8588) thrown at [/Users/java_re/workspace/8-2-build-macosx-x86_64/jdk8u71/5731/hotspot/src/share/vm/prims/jni.cpp, line 709]
Event: 1.880 Thread 0x00007fd95c1c5800 Exception <a 'java/lang/UnsatisfiedLinkError': com.jogamp.common.util.JarUtil.fixNativeLibAttribs(Ljava/lang/String;)Z> (0x0000000796cb67b0) thrown at [/Users/java_re/workspace/8-2-build-macosx-x86_64/jdk8u71/5731/hotspot/src/share/vm/prims/nativeLookup.c
Event: 2.093 Thread 0x00007fd95a83e000 Exception <a 'java/lang/NullPointerException'> (0x00000007956a18d8) thrown at [/Users/java_re/workspace/8-2-build-macosx-x86_64/jdk8u71/5731/hotspot/src/share/vm/interpreter/linkResolver.cpp, line 1178]
Event: 2.700 Thread 0x00007fd95c15a000 Exception <a 'java/io/FileNotFoundException'> (0x0000000796147690) thrown at [/Users/java_re/workspace/8-2-build-macosx-x86_64/jdk8u71/5731/hotspot/src/share/vm/prims/jni.cpp, line 709]
Event: 2.701 Thread 0x00007fd95c15a000 Exception <a 'java/io/FileNotFoundException'> (0x000000079614e7f0) thrown at [/Users/java_re/workspace/8-2-build-macosx-x86_64/jdk8u71/5731/hotspot/src/share/vm/prims/jni.cpp, line 709]
Event: 2.701 Thread 0x00007fd95c15a000 Implicit null exception at 0x0000000103d3ccb3 to 0x0000000103d3d03d
Event: 7.089 Thread 0x00007fd95c15a000 Implicit null exception at 0x00000001040ca025 to 0x00000001040ca179

Events (10 events):
Event: 108.610 Executing VM operation: Deoptimize
Event: 108.610 Executing VM operation: Deoptimize done
Event: 108.610 loading class java/awt/Toolkit$ToolkitEventMulticaster
Event: 108.610 loading class java/awt/Toolkit$ToolkitEventMulticaster done
Event: 108.611 Thread 0x00007fd95b970800 Thread exited: 0x00007fd95b970800
Event: 108.611 loading class java/awt/Window$1DisposeAction
Event: 108.611 loading class java/awt/Window$1DisposeAction done
Event: 108.611 Thread 0x00007fd95c11c000 Uncommon trap: trap_request=0xffffffde fr.pc=0x00000001040cf01c
Event: 108.611 Thread 0x00007fd95c11c000 DEOPT PACKING pc=0x00000001040cf01c sp=0x000070000175fb80
Event: 108.611 Thread 0x00007fd95c11c000 DEOPT UNPACKING pc=0x0000000103b94229 sp=0x000070000175fb90 mode 2


Dynamic libraries:
0x00000000004ae000 	/System/Library/Frameworks/Cocoa.framework/Versions/A/Cocoa
0x0000000101836000 	/System/Library/Frameworks/Security.framework/Versions/A/Security
0x00000000004ae000 	/System/Library/Frameworks/ApplicationServices.framework/Versions/A/ApplicationServices
0x00000000004ae000 	/usr/lib/libz.1.dylib
0x00000000004ae000 	/usr/lib/libSystem.B.dylib
0x00000000004ae000 	/usr/lib/libobjc.A.dylib
0x00000000004ae000 	/System/Library/Frameworks/CoreFoundation.framework/Versions/A/CoreFoundation
0x00000000004ae000 	/System/Library/Frameworks/Foundation.framework/Versions/C/Foundation
0x00000000004ae000 	/System/Library/Frameworks/AppKit.framework/Versions/C/AppKit
0x00000000004ae000 	/System/Library/Frameworks/CoreData.framework/Versions/A/CoreData
0x00000000004ae000 	/System/Library/PrivateFrameworks/RemoteViewServices.framework/Versions/A/RemoteViewServices
0x00000000004ae000 	/System/Library/PrivateFrameworks/UIFoundation.framework/Versions/A/UIFoundation
0x00000000004ae000 	/usr/lib/libScreenReader.dylib
0x00000000004ae000 	/System/Library/Frameworks/Accelerate.framework/Versions/A/Accelerate
0x00000000004ae000 	/System/Library/Frameworks/IOSurface.framework/Versions/A/IOSurface
0x00000000004ae000 	/System/Library/Frameworks/AudioToolbox.framework/Versions/A/AudioToolbox
0x00000000004ae000 	/System/Library/Frameworks/AudioUnit.framework/Versions/A/AudioUnit
0x00000000004ae000 	/System/Library/PrivateFrameworks/DataDetectorsCore.framework/Versions/A/DataDetectorsCore
0x00000000004ae000 	/System/Library/PrivateFrameworks/DesktopServicesPriv.framework/Versions/A/DesktopServicesPriv
0x00000000004ae000 	/System/Library/Frameworks/Carbon.framework/Versions/A/Frameworks/HIToolbox.framework/Versions/A/HIToolbox
0x00000000004ae000 	/System/Library/Frameworks/QuartzCore.framework/Versions/A/QuartzCore
0x00000000004ae000 	/System/Library/Frameworks/Carbon.framework/Versions/A/Frameworks/SpeechRecognition.framework/Versions/A/SpeechRecognition
0x00000000004ae000 	/usr/lib/libauto.dylib
0x00000000004ae000 	/usr/lib/libicucore.A.dylib
0x00000000004ae000 	/usr/lib/libxml2.2.dylib
0x00000000004ae000 	/System/Library/PrivateFrameworks/CoreUI.framework/Versions/A/CoreUI
0x00000000004ae000 	/System/Library/Frameworks/CoreAudio.framework/Versions/A/CoreAudio
0x00000000004ae000 	/System/Library/Frameworks/DiskArbitration.framework/Versions/A/DiskArbitration
0x00000000004ae000 	/usr/lib/liblangid.dylib
0x00000000004ae000 	/System/Library/PrivateFrameworks/MultitouchSupport.framework/Versions/A/MultitouchSupport
0x00000000004ae000 	/System/Library/Frameworks/IOKit.framework/Versions/A/IOKit
0x00000000004ae000 	/usr/lib/libDiagnosticMessagesClient.dylib
0x00000000004ae000 	/System/Library/Frameworks/CoreServices.framework/Versions/A/CoreServices
0x00000000004ae000 	/System/Library/PrivateFrameworks/PerformanceAnalysis.framework/Versions/A/PerformanceAnalysis
0x00000000004ae000 	/System/Library/PrivateFrameworks/GenerationalStorage.framework/Versions/A/GenerationalStorage
0x00000000004ae000 	/System/Library/Frameworks/OpenGL.framework/Versions/A/OpenGL
0x00000000004ae000 	/System/Library/PrivateFrameworks/Sharing.framework/Versions/A/Sharing
0x00000000004ae000 	/System/Library/Frameworks/CoreGraphics.framework/Versions/A/CoreGraphics
0x00000000004ae000 	/System/Library/Frameworks/CoreImage.framework/Versions/A/CoreImage
0x00000000004ae000 	/System/Library/Frameworks/CoreText.framework/Versions/A/CoreText
0x00000000004ae000 	/System/Library/Frameworks/ImageIO.framework/Versions/A/ImageIO
0x00000000004ae000 	/System/Library/PrivateFrameworks/Backup.framework/Versions/A/Backup
0x00000000004ae000 	/usr/lib/libextension.dylib
0x00000000004ae000 	/usr/lib/libarchive.2.dylib
0x0000000101c52000 	/System/Library/Frameworks/CFNetwork.framework/Versions/A/CFNetwork
0x00000000004ae000 	/System/Library/Frameworks/SystemConfiguration.framework/Versions/A/SystemConfiguration
0x00000000004ae000 	/usr/lib/libCRFSuite.dylib
0x00000000004ae000 	/usr/lib/libc++.1.dylib
0x00000000004ae000 	/usr/lib/libc++abi.dylib
0x00000000004ae000 	/usr/lib/system/libcache.dylib
0x00000000004ae000 	/usr/lib/system/libcommonCrypto.dylib
0x00000000004ae000 	/usr/lib/system/libcompiler_rt.dylib
0x00000000004ae000 	/usr/lib/system/libcopyfile.dylib
0x00000000004ae000 	/usr/lib/system/libcorecrypto.dylib
0x00000000004ae000 	/usr/lib/system/libdispatch.dylib
0x00000000004ae000 	/usr/lib/system/libdyld.dylib
0x00000000004ae000 	/usr/lib/system/libkeymgr.dylib
0x00000001020cb000 	/usr/lib/system/liblaunch.dylib
0x00000000004ae000 	/usr/lib/system/libmacho.dylib
0x00000000004ae000 	/usr/lib/system/libquarantine.dylib
0x00000000004ae000 	/usr/lib/system/libremovefile.dylib
0x00000000004ae000 	/usr/lib/system/libsystem_asl.dylib
0x00000000004ae000 	/usr/lib/system/libsystem_blocks.dylib
0x00000000004ae000 	/usr/lib/system/libsystem_c.dylib
0x00000000004ae000 	/usr/lib/system/libsystem_configuration.dylib
0x00000000004ae000 	/usr/lib/system/libsystem_coreservices.dylib
0x00000000004ae000 	/usr/lib/system/libsystem_coretls.dylib
0x00000000004ae000 	/usr/lib/system/libsystem_dnssd.dylib
0x00000000004ae000 	/usr/lib/system/libsystem_info.dylib
0x00000000004ae000 	/usr/lib/system/libsystem_kernel.dylib
0x00000000004ae000 	/usr/lib/system/libsystem_m.dylib
0x00000000004ae000 	/usr/lib/system/libsystem_malloc.dylib
0x00000000004ae000 	/usr/lib/system/libsystem_network.dylib
0x00000000004ae000 	/usr/lib/system/libsystem_networkextension.dylib
0x00000000004ae000 	/usr/lib/system/libsystem_notify.dylib
0x00000000004ae000 	/usr/lib/system/libsystem_platform.dylib
0x00000000004ae000 	/usr/lib/system/libsystem_pthread.dylib
0x00000001020d4000 	/usr/lib/system/libsystem_sandbox.dylib
0x00000000004ae000 	/usr/lib/system/libsystem_secinit.dylib
0x00000000004ae000 	/usr/lib/system/libsystem_trace.dylib
0x00000000004ae000 	/usr/lib/system/libunc.dylib
0x00000000004ae000 	/usr/lib/system/libunwind.dylib
0x00000001020e0000 	/usr/lib/system/libxpc.dylib
0x00000000004ae000 	/usr/lib/libenergytrace.dylib
0x00000000004ae000 	/usr/lib/libbsm.0.dylib
0x00000000004ae000 	/usr/lib/system/libkxld.dylib
0x00000000004ae000 	/usr/lib/libxar.1.dylib
0x00000000004ae000 	/usr/lib/libsqlite3.dylib
0x00000000004ae000 	/usr/lib/libpam.2.dylib
0x00000000004ae000 	/usr/lib/libOpenScriptingUtil.dylib
0x00000000004ae000 	/usr/lib/libbz2.1.0.dylib
0x00000000004ae000 	/usr/lib/liblzma.5.dylib
0x00000000004ae000 	/System/Library/Frameworks/CoreServices.framework/Versions/A/Frameworks/FSEvents.framework/Versions/A/FSEvents
0x00000000004ae000 	/System/Library/Frameworks/CoreServices.framework/Versions/A/Frameworks/CarbonCore.framework/Versions/A/CarbonCore
0x00000000004ae000 	/System/Library/Frameworks/CoreServices.framework/Versions/A/Frameworks/Metadata.framework/Versions/A/Metadata
0x00000000004ae000 	/System/Library/Frameworks/CoreServices.framework/Versions/A/Frameworks/OSServices.framework/Versions/A/OSServices
0x00000000004ae000 	/System/Library/Frameworks/CoreServices.framework/Versions/A/Frameworks/SearchKit.framework/Versions/A/SearchKit
0x00000000004ae000 	/System/Library/Frameworks/CoreServices.framework/Versions/A/Frameworks/AE.framework/Versions/A/AE
0x00000000004ae000 	/System/Library/Frameworks/CoreServices.framework/Versions/A/Frameworks/LaunchServices.framework/Versions/A/LaunchServices
0x00000000004ae000 	/System/Library/Frameworks/CoreServices.framework/Versions/A/Frameworks/DictionaryServices.framework/Versions/A/DictionaryServices
0x00000000004ae000 	/System/Library/Frameworks/CoreServices.framework/Versions/A/Frameworks/SharedFileList.framework/Versions/A/SharedFileList
0x00000000004ae000 	/System/Library/Frameworks/NetFS.framework/Versions/A/NetFS
0x00000000004ae000 	/System/Library/PrivateFrameworks/NetAuth.framework/Versions/A/NetAuth
0x00000000004ae000 	/System/Library/PrivateFrameworks/login.framework/Versions/A/Frameworks/loginsupport.framework/Versions/A/loginsupport
0x00000000004ae000 	/System/Library/PrivateFrameworks/TCC.framework/Versions/A/TCC
0x00000000004ae000 	/usr/lib/libmecabra.dylib
0x00000000004ae000 	/System/Library/Frameworks/ApplicationServices.framework/Versions/A/Frameworks/ATS.framework/Versions/A/ATS
0x00000000004ae000 	/System/Library/Frameworks/ApplicationServices.framework/Versions/A/Frameworks/ColorSync.framework/Versions/A/ColorSync
0x00000000004ae000 	/System/Library/Frameworks/ApplicationServices.framework/Versions/A/Frameworks/HIServices.framework/Versions/A/HIServices
0x00000000004ae000 	/System/Library/Frameworks/ApplicationServices.framework/Versions/A/Frameworks/LangAnalysis.framework/Versions/A/LangAnalysis
0x00000000004ae000 	/System/Library/Frameworks/ApplicationServices.framework/Versions/A/Frameworks/PrintCore.framework/Versions/A/PrintCore
0x00000000004ae000 	/System/Library/Frameworks/ApplicationServices.framework/Versions/A/Frameworks/QD.framework/Versions/A/QD
0x00000000004ae000 	/System/Library/Frameworks/ApplicationServices.framework/Versions/A/Frameworks/SpeechSynthesis.framework/Versions/A/SpeechSynthesis
0x00000000004ae000 	/System/Library/Frameworks/Metal.framework/Versions/A/Metal
0x00000000004ae000 	/System/Library/Frameworks/Accelerate.framework/Versions/A/Frameworks/vImage.framework/Versions/A/vImage
0x00000000004ae000 	/System/Library/Frameworks/Accelerate.framework/Versions/A/Frameworks/vecLib.framework/Versions/A/vecLib
0x00000000004ae000 	/System/Library/Frameworks/Accelerate.framework/Versions/A/Frameworks/vecLib.framework/Versions/A/libvDSP.dylib
0x00000000004ae000 	/System/Library/Frameworks/Accelerate.framework/Versions/A/Frameworks/vecLib.framework/Versions/A/libvMisc.dylib
0x00000000004ae000 	/System/Library/Frameworks/Accelerate.framework/Versions/A/Frameworks/vecLib.framework/Versions/A/libLAPACK.dylib
0x00000000004ae000 	/System/Library/Frameworks/Accelerate.framework/Versions/A/Frameworks/vecLib.framework/Versions/A/libBLAS.dylib
0x00000000004ae000 	/System/Library/Frameworks/Accelerate.framework/Versions/A/Frameworks/vecLib.framework/Versions/A/libLinearAlgebra.dylib
0x00000000004ae000 	/System/Library/Frameworks/Accelerate.framework/Versions/A/Frameworks/vecLib.framework/Versions/A/libSparseBLAS.dylib
0x00000000004ae000 	/System/Library/PrivateFrameworks/GPUCompiler.framework/libmetal_timestamp.dylib
0x00000000004ae000 	/System/Library/Frameworks/OpenGL.framework/Versions/A/Libraries/libCoreFSCache.dylib
0x00000000004ae000 	/System/Library/PrivateFrameworks/IOAccelerator.framework/Versions/A/IOAccelerator
0x00000000004ae000 	/System/Library/Frameworks/ApplicationServices.framework/Versions/A/Frameworks/ATS.framework/Versions/A/Resources/libFontParser.dylib
0x00000000004ae000 	/System/Library/Frameworks/ApplicationServices.framework/Versions/A/Frameworks/ATS.framework/Versions/A/Resources/libFontRegistry.dylib
0x00000000004ae000 	/System/Library/PrivateFrameworks/AppleVPA.framework/Versions/A/AppleVPA
0x00000000004ae000 	/System/Library/PrivateFrameworks/AppleJPEG.framework/Versions/A/AppleJPEG
0x00000000004ae000 	/System/Library/Frameworks/ImageIO.framework/Versions/A/Resources/libJPEG.dylib
0x00000000004ae000 	/System/Library/Frameworks/ImageIO.framework/Versions/A/Resources/libTIFF.dylib
0x00000000004ae000 	/System/Library/Frameworks/ImageIO.framework/Versions/A/Resources/libPng.dylib
0x00000000004ae000 	/System/Library/Frameworks/ImageIO.framework/Versions/A/Resources/libGIF.dylib
0x00000000004ae000 	/System/Library/Frameworks/ImageIO.framework/Versions/A/Resources/libJP2.dylib
0x00000000004ae000 	/System/Library/Frameworks/ImageIO.framework/Versions/A/Resources/libRadiance.dylib
0x00000000004ae000 	/System/Library/Frameworks/CoreVideo.framework/Versions/A/CoreVideo
0x00000000004ae000 	/System/Library/Frameworks/OpenGL.framework/Versions/A/Libraries/libGLU.dylib
0x00000000004ae000 	/System/Library/Frameworks/OpenGL.framework/Versions/A/Libraries/libGFXShared.dylib
0x00000000004ae000 	/System/Library/Frameworks/OpenGL.framework/Versions/A/Libraries/libGL.dylib
0x00000000004ae000 	/System/Library/Frameworks/OpenGL.framework/Versions/A/Libraries/libGLImage.dylib
0x00000000004ae000 	/System/Library/Frameworks/OpenGL.framework/Versions/A/Libraries/libCVMSPluginSupport.dylib
0x00000000004ae000 	/System/Library/Frameworks/OpenGL.framework/Versions/A/Libraries/libCoreVMClient.dylib
0x00000000004ae000 	/usr/lib/libcompression.dylib
0x00000000004ae000 	/usr/lib/libcups.2.dylib
0x00000000004ae000 	/System/Library/Frameworks/Kerberos.framework/Versions/A/Kerberos
0x00000000004ae000 	/System/Library/Frameworks/GSS.framework/Versions/A/GSS
0x00000000004ae000 	/usr/lib/libresolv.9.dylib
0x00000000004ae000 	/usr/lib/libiconv.2.dylib
0x00000000004ae000 	/System/Library/PrivateFrameworks/Heimdal.framework/Versions/A/Heimdal
0x00000000004ae000 	/usr/lib/libheimdal-asn1.dylib
0x00000000004ae000 	/System/Library/Frameworks/OpenDirectory.framework/Versions/A/OpenDirectory
0x00000000004ae000 	/System/Library/PrivateFrameworks/CommonAuth.framework/Versions/A/CommonAuth
0x00000000004ae000 	/System/Library/Frameworks/OpenDirectory.framework/Versions/A/Frameworks/CFOpenDirectory.framework/Versions/A/CFOpenDirectory
0x00000000004ae000 	/System/Library/Frameworks/SecurityFoundation.framework/Versions/A/SecurityFoundation
0x00000000004ae000 	/System/Library/PrivateFrameworks/LanguageModeling.framework/Versions/A/LanguageModeling
0x00000000004ae000 	/usr/lib/libmarisa.dylib
0x00000000004ae000 	/usr/lib/libChineseTokenizer.dylib
0x00000000004ae000 	/usr/lib/libcmph.dylib
0x000000010212d000 	/System/Library/Frameworks/ServiceManagement.framework/Versions/A/ServiceManagement
0x00000000004ae000 	/usr/lib/libxslt.1.dylib
0x00000000004ae000 	/System/Library/Frameworks/Carbon.framework/Versions/A/Frameworks/Ink.framework/Versions/A/Ink
0x00000000004ae000 	/usr/lib/libFosl_dynamic.dylib
0x00000000004ae000 	/System/Library/PrivateFrameworks/FaceCore.framework/Versions/A/FaceCore
0x00000000004ae000 	/System/Library/Frameworks/OpenCL.framework/Versions/A/OpenCL
0x00000000004ae000 	/System/Library/PrivateFrameworks/CrashReporterSupport.framework/Versions/A/CrashReporterSupport
0x00000000004ae000 	/System/Library/PrivateFrameworks/IconServices.framework/Versions/A/IconServices
0x00000000004ae000 	/System/Library/PrivateFrameworks/Apple80211.framework/Versions/A/Apple80211
0x00000000004ae000 	/System/Library/Frameworks/CoreWLAN.framework/Versions/A/CoreWLAN
0x00000000004ae000 	/System/Library/Frameworks/IOBluetooth.framework/Versions/A/IOBluetooth
0x00000000004ae000 	/System/Library/PrivateFrameworks/CoreWiFi.framework/Versions/A/CoreWiFi
0x00000000004ae000 	/System/Library/Frameworks/CoreBluetooth.framework/Versions/A/CoreBluetooth
0x00000000004ae000 	/System/Library/PrivateFrameworks/ChunkingLibrary.framework/Versions/A/ChunkingLibrary
0x00000000004ae000 	/System/Library/PrivateFrameworks/DebugSymbols.framework/Versions/A/DebugSymbols
0x00000000004ae000 	/System/Library/PrivateFrameworks/CoreSymbolication.framework/Versions/A/CoreSymbolication
0x00000000004ae000 	/System/Library/PrivateFrameworks/Symbolication.framework/Versions/A/Symbolication
0x00000000004ae000 	/System/Library/PrivateFrameworks/SpeechRecognitionCore.framework/Versions/A/SpeechRecognitionCore
0x0000000102c00000 	/Library/Java/JavaVirtualMachines/jdk1.8.0_71.jdk/Contents/Home/jre/lib/server/libjvm.dylib
0x00000000004ae000 	/usr/lib/libstdc++.6.dylib
0x0000000102392000 	/Library/Java/JavaVirtualMachines/jdk1.8.0_71.jdk/Contents/Home/jre/lib/libverify.dylib
0x00000001023a0000 	/Library/Java/JavaVirtualMachines/jdk1.8.0_71.jdk/Contents/Home/jre/lib/libjava.dylib
0x00000001023dd000 	/Library/Java/JavaVirtualMachines/jdk1.8.0_71.jdk/Contents/Home/jre/lib/libzip.dylib
0x00000001194f1000 	/System/Library/Frameworks/JavaVM.framework/Frameworks/JavaRuntimeSupport.framework/JavaRuntimeSupport
0x00000001023e6000 	/System/Library/Frameworks/JavaVM.framework/Versions/A/Frameworks/JavaNativeFoundation.framework/Versions/A/JavaNativeFoundation
0x000000011950c000 	/System/Library/Frameworks/JavaVM.framework/Versions/A/JavaVM
0x00000000004ae000 	/System/Library/Frameworks/Carbon.framework/Versions/A/Carbon
0x0000000119519000 	/System/Library/PrivateFrameworks/JavaLaunching.framework/Versions/A/JavaLaunching
0x00000000004ae000 	/System/Library/Frameworks/Carbon.framework/Versions/A/Frameworks/CommonPanels.framework/Versions/A/CommonPanels
0x00000000004ae000 	/System/Library/Frameworks/Carbon.framework/Versions/A/Frameworks/Help.framework/Versions/A/Help
0x00000000004ae000 	/System/Library/Frameworks/Carbon.framework/Versions/A/Frameworks/ImageCapture.framework/Versions/A/ImageCapture
0x00000000004ae000 	/System/Library/Frameworks/Carbon.framework/Versions/A/Frameworks/OpenScripting.framework/Versions/A/OpenScripting
0x00000000004ae000 	/System/Library/Frameworks/Carbon.framework/Versions/A/Frameworks/Print.framework/Versions/A/Print
0x00000000004ae000 	/System/Library/Frameworks/Carbon.framework/Versions/A/Frameworks/SecurityHI.framework/Versions/A/SecurityHI
0x000000011ae6b000 	/Library/Java/JavaVirtualMachines/jdk1.8.0_71.jdk/Contents/Home/jre/lib/libawt.dylib
0x000000011af13000 	/Library/Java/JavaVirtualMachines/jdk1.8.0_71.jdk/Contents/Home/jre/lib/./libmlib_image.dylib
0x000000011afdf000 	/Library/Java/JavaVirtualMachines/jdk1.8.0_71.jdk/Contents/Home/jre/lib/libawt_lwawt.dylib
0x000000011b094000 	/Library/Java/JavaVirtualMachines/jdk1.8.0_71.jdk/Contents/Home/jre/lib/./libosxapp.dylib
0x00000000004ae000 	/System/Library/Frameworks/ExceptionHandling.framework/Versions/A/ExceptionHandling
0x00000000004ae000 	/System/Library/PrivateFrameworks/CoreServicesInternal.framework/Versions/A/CoreServicesInternal
0x00000000004ae000 	/System/Library/Frameworks/CoreGraphics.framework/Versions/A/Resources/libRIP.A.dylib
0x000000011bec0000 	/System/Library/Frameworks/Accelerate.framework/Frameworks/vImage.framework/Versions/A/Libraries/libCGInterfaces.dylib
0x00000000004ae000 	/System/Library/Frameworks/CoreGraphics.framework/Versions/A/Resources/libCGXType.A.dylib
0x00000000004ae000 	/System/Library/Frameworks/OpenCL.framework/Versions/A/Libraries/libcldcpuengine.dylib
0x00000000004ae000 	/System/Library/PrivateFrameworks/DiskImages.framework/Versions/A/DiskImages
0x00000000004ae000 	/System/Library/Frameworks/DiscRecording.framework/Versions/A/DiscRecording
0x00000000004ae000 	/usr/lib/libcsfde.dylib
0x00000000004ae000 	/usr/lib/libcurl.4.dylib
0x00000000004ae000 	/System/Library/PrivateFrameworks/MediaKit.framework/Versions/A/MediaKit
0x00000000004ae000 	/System/Library/PrivateFrameworks/ProtectedCloudStorage.framework/Versions/A/ProtectedCloudStorage
0x00000000004ae000 	/usr/lib/libCoreStorage.dylib
0x00000000004ae000 	/System/Library/PrivateFrameworks/EFILogin.framework/Versions/A/EFILogin
0x00000000004ae000 	/usr/lib/libutil.dylib
0x00000000004ae000 	/System/Library/PrivateFrameworks/FindMyDevice.framework/Versions/A/FindMyDevice
0x00000000004ae000 	/System/Library/Frameworks/LDAP.framework/Versions/A/LDAP
0x00000000004ae000 	/usr/lib/libsasl2.2.dylib
0x00000000004ae000 	/System/Library/PrivateFrameworks/CoreDaemon.framework/Versions/B/CoreDaemon
0x00000000004ae000 	/usr/lib/libcrypto.0.9.8.dylib
0x00000000004ae000 	/System/Library/PrivateFrameworks/AppleSRP.framework/Versions/A/AppleSRP
0x00000000004ae000 	/System/Library/PrivateFrameworks/TrustEvaluationAgent.framework/Versions/A/TrustEvaluationAgent
0x000000011cca3000 	cl_kernels
0x00000000004ae000 	/System/Library/Frameworks/OpenCL.framework/Versions/A/Libraries/ImageFormats/unorm8_bgra.dylib
0x00000000004ae000 	/System/Library/Frameworks/OpenCL.framework/Versions/A/Libraries/ImageFormats/unorm8_rgba.dylib
0x00000000004ae000 	/System/Library/PrivateFrameworks/FamilyControls.framework/Versions/A/FamilyControls
0x00000000004ae000 	/System/Library/PrivateFrameworks/CommerceKit.framework/Versions/A/Frameworks/CommerceCore.framework/Versions/A/CommerceCore
0x00000000004ae000 	/System/Library/PrivateFrameworks/SystemAdministration.framework/Versions/A/SystemAdministration
0x00000000004ae000 	/System/Library/PrivateFrameworks/AppContainer.framework/Versions/A/AppContainer
0x00000000004ae000 	/System/Library/PrivateFrameworks/SecCodeWrapper.framework/Versions/A/SecCodeWrapper
0x00000000004ae000 	/System/Library/Frameworks/DirectoryService.framework/Versions/A/DirectoryService
0x00000000004ae000 	/System/Library/PrivateFrameworks/LoginUIKit.framework/Versions/A/Frameworks/LoginUICore.framework/Versions/A/LoginUICore
0x00000000004ae000 	/usr/lib/libodfde.dylib
0x000000011dda1000 	/System/Library/Frameworks/OpenGL.framework/Resources/GLEngine.bundle/GLEngine
0x00000000004ae000 	/System/Library/Frameworks/OpenGL.framework/Versions/A/Libraries/libGLProgrammability.dylib
0x000000011df89000 	/System/Library/Extensions/AppleIntelBDWGraphicsGLDriver.bundle/Contents/MacOS/AppleIntelBDWGraphicsGLDriver
0x00000000004ae000 	/System/Library/PrivateFrameworks/GPUSupport.framework/Versions/A/Libraries/libGPUSupportMercury.dylib
0x000000011e6d1000 	/System/Library/Frameworks/OpenGL.framework/Resources//GLRendererFloat.bundle/GLRendererFloat
0x000000011ef40000 	/Library/Java/JavaVirtualMachines/jdk1.8.0_71.jdk/Contents/Home/jre/lib/libfontmanager.dylib
0x000000012040d000 	/Library/Java/JavaVirtualMachines/jdk1.8.0_71.jdk/Contents/Home/jre/lib/libosxui.dylib
0x0000000120e8e000 	/Library/Java/JavaVirtualMachines/jdk1.8.0_71.jdk/Contents/Home/jre/lib/libnet.dylib
0x0000000120f17000 	/Library/Java/JavaVirtualMachines/jdk1.8.0_71.jdk/Contents/Home/jre/lib/libnio.dylib
0x00000000004ae000 	/System/Library/Frameworks/ApplicationServices.framework/Versions/A/Frameworks/ATS.framework/Versions/A/Resources/libTrueTypeScaler.dylib
0x00000001722d7000 	/System/Library/Extensions/AppleIntelBDWGraphicsMTLDriver.bundle/Contents/MacOS/AppleIntelBDWGraphicsMTLDriver
0x00000001721de000 	/private/var/folders/bp/4r8fjq1s4h53mndl7lh4ynwc0000gn/T/jogamp_0000/file_cache/jln803188708186079101/jln109858672038044909/libgluegen-rt.jnilib
0x0000000120198000 	/private/var/folders/bp/4r8fjq1s4h53mndl7lh4ynwc0000gn/T/jogamp_0000/file_cache/jln803188708186079101/jln109858672038044909/libnativewindow_awt.jnilib
0x0000000120f34000 	/Library/Java/JavaVirtualMachines/jdk1.8.0_71.jdk/Contents/Home/jre/lib/libjawt.dylib
0x00000001721e2000 	/private/var/folders/bp/4r8fjq1s4h53mndl7lh4ynwc0000gn/T/jogamp_0000/file_cache/jln803188708186079101/jln109858672038044909/libnativewindow_macosx.jnilib
0x0000000177355000 	/private/var/folders/bp/4r8fjq1s4h53mndl7lh4ynwc0000gn/T/jogamp_0000/file_cache/jln803188708186079101/jln109858672038044909/libjogl_desktop.jnilib
0x0000000172987000 	/Library/Java/JavaVirtualMachines/jdk1.8.0_71.jdk/Contents/Home/jre/lib/libt2k.dylib
0x00000001721ec000 	/Library/Java/JavaVirtualMachines/jdk1.8.0_71.jdk/Contents/Home/jre/lib/libjpeg.dylib

VM Arguments:
jvm_args: -Djava.security.policy=java.policy.applet -Dfile.encoding=UTF-8 
java_command: sun.applet.AppletViewer module5.EarthquakeCityMap1465832835526.html
java_class_path (initial): /Users/ruoyancai/Workspace/UCSDUnfoldingMaps/build:/Users/ruoyancai/Workspace/UCSDUnfoldingMaps/lib/core.jar:/Users/ruoyancai/Workspace/UCSDUnfoldingMaps/lib/gluegen-rt.jar:/Users/ruoyancai/Workspace/UCSDUnfoldingMaps/lib/jogl-all.jar:/Users/ruoyancai/Workspace/UCSDUnfoldingMaps/lib/log4j-1.2.15.jar:/Users/ruoyancai/Workspace/UCSDUnfoldingMaps/lib/sqlite-jdbc-3.7.2.jar:/Users/ruoyancai/Workspace/UCSDUnfoldingMaps/lib/json4processing.jar:/Users/ruoyancai/Workspace/UCSDUnfoldingMaps/lib/libTUIO.jar:/Users/ruoyancai/Workspace/UCSDUnfoldingMaps/lib/unfolding.0.9.7-uscd.jar
Launcher Type: SUN_STANDARD

Environment Variables:
PATH=/usr/bin:/bin:/usr/sbin:/sbin
SHELL=/bin/bash

Signal Handlers:
SIGSEGV: [libjvm.dylib+0x5a68c5], sa_mask[0]=11111111011111110111111111111111, sa_flags=SA_ONSTACK|SA_RESTART|SA_SIGINFO
SIGBUS: [libjvm.dylib+0x5a68c5], sa_mask[0]=11111111011111110111111111111111, sa_flags=SA_RESTART|SA_SIGINFO
SIGFPE: [libjvm.dylib+0x4805d4], sa_mask[0]=11111111011111110111111111111111, sa_flags=SA_RESTART|SA_SIGINFO
SIGPIPE: [libjvm.dylib+0x4805d4], sa_mask[0]=11111111011111110111111111111111, sa_flags=SA_RESTART|SA_SIGINFO
SIGXFSZ: [libjvm.dylib+0x4805d4], sa_mask[0]=11111111011111110111111111111111, sa_flags=SA_RESTART|SA_SIGINFO
SIGILL: [libjvm.dylib+0x4805d4], sa_mask[0]=11111111011111110111111111111111, sa_flags=SA_RESTART|SA_SIGINFO
SIGUSR1: SIG_DFL, sa_mask[0]=00000000000000000000000000000000, sa_flags=none
SIGUSR2: [libjvm.dylib+0x4800f2], sa_mask[0]=00100000000000000000000000000000, sa_flags=SA_RESTART|SA_SIGINFO
SIGHUP: [libjvm.dylib+0x47e6c9], sa_mask[0]=11111111011111110111111111111111, sa_flags=SA_RESTART|SA_SIGINFO
SIGINT: [libjvm.dylib+0x47e6c9], sa_mask[0]=11111111011111110111111111111111, sa_flags=SA_RESTART|SA_SIGINFO
SIGTERM: [libjvm.dylib+0x47e6c9], sa_mask[0]=11111111011111110111111111111111, sa_flags=SA_RESTART|SA_SIGINFO
SIGQUIT: [libjvm.dylib+0x47e6c9], sa_mask[0]=11111111011111110111111111111111, sa_flags=SA_RESTART|SA_SIGINFO


---------------  S Y S T E M  ---------------

OS:Bsduname:Darwin 15.5.0 Darwin Kernel Version 15.5.0: Tue Apr 19 18:36:36 PDT 2016; root:xnu-3248.50.21~8/RELEASE_X86_64 x86_64
rlimit: STACK 8192k, CORE 0k, NPROC 709, NOFILE 10240, AS infinity
load average:2.85 2.48 2.41

CPU:total 4 (2 cores per cpu, 2 threads per core) family 6 model 61 stepping 4, cmov, cx8, fxsr, mmx, sse, sse2, sse3, ssse3, sse4.1, sse4.2, popcnt, avx, avx2, aes, clmul, erms, 3dnowpref, lzcnt, ht, tsc, tscinvbit, bmi1, bmi2, adx

Memory: 4k page, physical 8388608k(189564k free)

/proc/meminfo:


vm_info: Java HotSpot(TM) 64-Bit Server VM (25.71-b15) for bsd-amd64 JRE (1.8.0_71-b15), built on Dec 22 2015 15:11:44 by "java_re" with gcc 4.2.1 (Based on Apple Inc. build 5658) (LLVM build 2336.11.00)

time: Mon Jun 13 23:49:04 2016
elapsed time: 108 seconds (0d 0h 1m 48s)

