#
# A fatal error has been detected by the Java Runtime Environment:
#
#  SIGSEGV (0xb) at pc=0x00007fff909ec4dd, pid=17605, tid=2571
#
# JRE version: Java(TM) SE Runtime Environment (8.0_71-b15) (build 1.8.0_71-b15)
# Java VM: Java HotSpot(TM) 64-Bit Server VM (25.71-b15 mixed mode bsd-amd64 compressed oops)
# Problematic frame:
# C  [libobjc.A.dylib+0x14dd]  objc_msgSend+0x1d
#
# Failed to write core dump. Core dumps have been disabled. To enable core dumping, try "ulimit -c unlimited" before starting Java again
#
# If you would like to submit a bug report, please visit:
#   http://bugreport.java.com/bugreport/crash.jsp
# The crash happened outside the Java Virtual Machine in native code.
# See problematic frame for where to report the bug.
#

---------------  T H R E A D  ---------------

Current thread (0x00007fba3486a800):  JavaThread "AWT-AppKit" daemon [_thread_in_native, id=2571, stack(0x00007fff5c9b0000,0x00007fff5d1b0000)]

siginfo: si_signo: 11 (SIGSEGV), si_code: 1 (SEGV_MAPERR), si_addr: 0x0000000000000018

Registers:
RAX=0x00007fba38186370, RBX=0x00000001733e8450, RCX=0x000000011d490320, RDX=0x000000011d490e60
RSP=0x00007fff5d1ab3c8, RBP=0x00007fff5d1ab480, RSI=0x00007fff909e3cde, RDI=0x00007fba3817ad80
R8 =0x0000000000000000, R9 =0x00000000000008b0, R10=0x00007fff909e3cde, R11=0x0000000000000000
R12=0x0000000000000000, R13=0x0000000179b5c950, R14=0x00000001733e8440, R15=0x00007fba3486a800
RIP=0x00007fff909ec4dd, EFLAGS=0x0000000000010246, ERR=0x0000000000000004
  TRAPNO=0x000000000000000e

Top of Stack: (sp=0x00007fff5d1ab3c8)
0x00007fff5d1ab3c8:   00000001733e6157 00007fff5d1ab420
0x00007fff5d1ab3d8:   0000000000000003 00007fff5d1ab400
0x00007fff5d1ab3e8:   0000000103ff0d66 0000000179b5c950
0x00007fff5d1ab3f8:   0000000179b5c950 00007fba38186370
0x00007fff5d1ab408:   00000001733e86a0 00000001733e8710
0x00007fff5d1ab418:   00007fff70d7c770 00007fff71d2b500
0x00007fff5d1ab428:   00000001733e8450 00000001733e8690
0x00007fff5d1ab438:   00007fba38186370 00007fba3817ad80
0x00007fff5d1ab448:   00007fba33742b80 00007fba38186370
0x00007fff5d1ab458:   00007fba3817ad80 00007fff5d1ab508
0x00007fff5d1ab468:   00007fba3486a9f8 0000000179b5c950
0x00007fff5d1ab478:   00007fff5d1ab530 00007fff5d1ab4f8
0x00007fff5d1ab488:   0000000104dd9954 0000000179b5c950
0x00007fff5d1ab498:   00007fff5d1ab530 00007fff5d1ab4f8
0x00007fff5d1ab4a8:   0000000104dd96e7 0000000104dd96a2
0x00007fff5d1ab4b8:   00007fff5d1ab4b8 0000000179b5c950
0x00007fff5d1ab4c8:   00007fff5d1ab530 0000000179b5f588
0x00007fff5d1ab4d8:   0000000000000000 0000000179b5c950
0x00007fff5d1ab4e8:   0000000000000000 00007fff5d1ab518
0x00007fff5d1ab4f8:   00007fff5d1ab578 0000000104dcbc4d
0x00007fff5d1ab508:   0000000740d7ca30 0000000104dd3578
0x00007fff5d1ab518:   00007fba38186370 00007fff5d1ab578
0x00007fff5d1ab528:   00007fba3817ad80 0000000104dd4d82
0x00007fff5d1ab538:   00007fff5d1ab538 0000000179b5cb1a
0x00007fff5d1ab548:   00007fff5d1ab5a0 0000000179b5f588
0x00007fff5d1ab558:   0000000000000000 0000000179b5cb28
0x00007fff5d1ab568:   00007fff5d1ab518 00007fff5d1ab588
0x00007fff5d1ab578:   00007fff5d1ab5e8 0000000104dcbc4d
0x00007fff5d1ab588:   00007fba38186370 00000007408cdf08
0x00007fff5d1ab598:   00007fba3817ad80 00000007408cdf08
0x00007fff5d1ab5a8:   00007fff5d1ab5a8 000000017b44534e
0x00007fff5d1ab5b8:   00007fff5d1ab5f8 000000017b445408 

Instructions: (pc=0x00007fff909ec4dd)
0x00007fff909ec4bd:   44 00 00 48 85 ff 2e 74 62 40 f6 c7 01 2e 75 66
0x00007fff909ec4cd:   49 bb f8 ff ff ff ff 7f 00 00 4c 23 1f 49 89 f2
0x00007fff909ec4dd:   45 23 53 18 49 c1 e2 04 4d 03 53 10 49 3b 32 75
0x00007fff909ec4ed:   04 41 ff 62 08 49 83 3a 01 76 0d 49 83 c2 10 49 

Register to memory mapping:

RAX=0x00007fba38186370 is an unknown value
RBX=0x00000001733e8450: Java_jogamp_nativewindow_macosx_OSXUtil_GetScreenRefreshRate0+0x1cf0 in /private/var/folders/bp/4r8fjq1s4h53mndl7lh4ynwc0000gn/T/jogamp_0000/file_cache/jln3903021399314165564/jln6962428304677207845/libnativewindow_macosx.jnilib at 0x00000001733e1000
RCX=0x000000011d490320 is an unknown value
RDX=0x000000011d490e60 is an unknown value
RSP=0x00007fff5d1ab3c8 is pointing into the stack for thread: 0x00007fba3486a800
RBP=0x00007fff5d1ab480 is pointing into the stack for thread: 0x00007fba3486a800
RSI=0x00007fff909e3cde is an unknown value
RDI=0x00007fba3817ad80 is an unknown value
R8 =0x0000000000000000 is an unknown value
R9 =0x00000000000008b0 is an unknown value
R10=0x00007fff909e3cde is an unknown value
R11=0x0000000000000000 is an unknown value
R12=0x0000000000000000 is an unknown value
R13={method} {0x0000000179b5c950} 'UnsetJAWTRootSurfaceLayer0' '(JJ)V' in 'jogamp/nativewindow/jawt/macosx/MacOSXJAWTWindow'
R14=0x00000001733e8440: Java_jogamp_nativewindow_macosx_OSXUtil_GetScreenRefreshRate0+0x1ce0 in /private/var/folders/bp/4r8fjq1s4h53mndl7lh4ynwc0000gn/T/jogamp_0000/file_cache/jln3903021399314165564/jln6962428304677207845/libnativewindow_macosx.jnilib at 0x00000001733e1000
R15=0x00007fba3486a800 is a thread


Stack: [0x00007fff5c9b0000,0x00007fff5d1b0000],  sp=0x00007fff5d1ab3c8,  free space=8172k
Native frames: (J=compiled Java code, j=interpreted, Vv=VM code, C=native code)
C  [libobjc.A.dylib+0x14dd]  objc_msgSend+0x1d
j  jogamp.nativewindow.jawt.macosx.MacOSXJAWTWindow.UnsetJAWTRootSurfaceLayer0(JJ)V+0
j  jogamp.nativewindow.jawt.macosx.MacOSXJAWTWindow.access$200(JJ)V+2
j  jogamp.nativewindow.jawt.macosx.MacOSXJAWTWindow$1.run()V+38
J 2494 C1 com.jogamp.common.util.RunnableTask.run()V (345 bytes) @ 0x000000010561d4d4 [0x000000010561d340+0x194]
v  ~StubRoutines::call_stub
V  [libjvm.dylib+0x2ea59a]  JavaCalls::call_helper(JavaValue*, methodHandle*, JavaCallArguments*, Thread*)+0x6ae
V  [libjvm.dylib+0x3216a3]  jni_invoke_nonstatic(JNIEnv_*, JavaValue*, _jobject*, JNICallType, _jmethodID*, JNI_ArgumentPusher*, Thread*)+0x2ec
V  [libjvm.dylib+0x313e77]  jni_CallVoidMethod+0x16b
C  [libnativewindow_macosx.jnilib+0x5326]  Java_jogamp_nativewindow_jawt_macosx_MacOSXJAWTWindow_UnsetJAWTRootSurfaceLayer0+0x2b6
C  [Foundation+0x76fde]  __NSThreadPerformPerform+0x117
C  [CoreFoundation+0xaa881]  __CFRUNLOOP_IS_CALLING_OUT_TO_A_SOURCE0_PERFORM_FUNCTION__+0x11
C  [CoreFoundation+0x89fbc]  __CFRunLoopDoSources0+0x22c
C  [CoreFoundation+0x894df]  __CFRunLoopRun+0x39f
C  [CoreFoundation+0x88ed8]  CFRunLoopRunSpecific+0x128
C  [HIToolbox+0x30935]  RunCurrentEventLoopInMode+0xeb
C  [HIToolbox+0x30677]  ReceiveNextEventCommon+0xb8
C  [HIToolbox+0x305af]  _BlockUntilNextEventMatchingListInModeWithFilter+0x47
C  [AppKit+0x48df6]  _DPSNextEvent+0x42b
C  [AppKit+0x48226]  -[NSApplication _nextEventMatchingEventMask:untilDate:inMode:dequeue:]+0x1c6
C  [libosxapp.dylib+0x23aa]  -[NSApplicationAWT nextEventMatchingMask:untilDate:inMode:dequeue:]+0x7c
C  [AppKit+0x3cd80]  -[NSApplication run]+0x2aa
C  [libosxapp.dylib+0x214d]  +[NSApplicationAWT runAWTLoopWithApp:]+0x9c
C  [libawt_lwawt.dylib+0x4455b]  -[AWTStarter starter:]+0x389
C  [Foundation+0x76fde]  __NSThreadPerformPerform+0x117
C  [CoreFoundation+0xaa881]  __CFRUNLOOP_IS_CALLING_OUT_TO_A_SOURCE0_PERFORM_FUNCTION__+0x11
C  [CoreFoundation+0x89fbc]  __CFRunLoopDoSources0+0x22c
C  [CoreFoundation+0x894df]  __CFRunLoopRun+0x39f
C  [CoreFoundation+0x88ed8]  CFRunLoopRunSpecific+0x128
C  [java+0x6463]  CreateExecutionEnvironment+0x367
C  [java+0x21ac]  JLI_Launch+0x7a0
C  [java+0x84c0]  main+0x65
C  [java+0x1a04]  start+0x34
C  0x0000000000000007

Java frames: (J=compiled Java code, j=interpreted, Vv=VM code)
j  jogamp.nativewindow.jawt.macosx.MacOSXJAWTWindow.UnsetJAWTRootSurfaceLayer0(JJ)V+0
j  jogamp.nativewindow.jawt.macosx.MacOSXJAWTWindow.access$200(JJ)V+2
j  jogamp.nativewindow.jawt.macosx.MacOSXJAWTWindow$1.run()V+38
J 2494 C1 com.jogamp.common.util.RunnableTask.run()V (345 bytes) @ 0x000000010561d4d4 [0x000000010561d340+0x194]
v  ~StubRoutines::call_stub

---------------  P R O C E S S  ---------------

Java Threads: ( => current thread )
  0x00007fba3469a800 JavaThread "Thread-30" [_thread_blocked, id=71431, stack(0x000070000104a000,0x000070000114a000)]
  0x00007fba34389000 JavaThread "AWT-EventQueue-1" [_thread_in_native, id=63563, stack(0x00007000018eb000,0x00007000019eb000)]
  0x00007fba33976000 JavaThread "DestroyJavaVM" [_thread_blocked, id=5891, stack(0x000070000011a000,0x000070000021a000)]
  0x00007fba34a58800 JavaThread "AWT-EventQueue-0" [_thread_blocked, id=57095, stack(0x00007000016e5000,0x00007000017e5000)]
  0x00007fba341cc000 JavaThread "Java2D Disposer" daemon [_thread_blocked, id=53259, stack(0x000070000145c000,0x000070000155c000)]
  0x00007fba341a7800 JavaThread "Java2D Queue Flusher" daemon [_thread_blocked, id=50183, stack(0x0000700001359000,0x0000700001459000)]
  0x00007fba34143800 JavaThread "AWT-Shutdown" [_thread_blocked, id=29715, stack(0x00007000011d3000,0x00007000012d3000)]
=>0x00007fba3486a800 JavaThread "AWT-AppKit" daemon [_thread_in_native, id=2571, stack(0x00007fff5c9b0000,0x00007fff5d1b0000)]
  0x00007fba33820800 JavaThread "Service Thread" daemon [_thread_blocked, id=18179, stack(0x0000700000dc1000,0x0000700000ec1000)]
  0x00007fba34850000 JavaThread "C1 CompilerThread2" daemon [_thread_blocked, id=17667, stack(0x0000700000cbe000,0x0000700000dbe000)]
  0x00007fba3484f000 JavaThread "C2 CompilerThread1" daemon [_thread_blocked, id=17155, stack(0x0000700000bbb000,0x0000700000cbb000)]
  0x00007fba3484d800 JavaThread "C2 CompilerThread0" daemon [_thread_blocked, id=16643, stack(0x0000700000ab8000,0x0000700000bb8000)]
  0x00007fba34841800 JavaThread "Signal Dispatcher" daemon [_thread_blocked, id=14351, stack(0x00007000009b5000,0x0000700000ab5000)]
  0x00007fba34840000 JavaThread "Finalizer" daemon [_thread_blocked, id=12291, stack(0x000070000082f000,0x000070000092f000)]
  0x00007fba34800800 JavaThread "Reference Handler" daemon [_thread_blocked, id=11779, stack(0x000070000072c000,0x000070000082c000)]

Other Threads:
  0x00007fba3400a800 VMThread [stack: 0x0000700000629000,0x0000700000729000] [id=11267]
  0x00007fba3400e800 WatcherThread [stack: 0x0000700000ec4000,0x0000700000fc4000] [id=18691]

VM state:not at safepoint (normal execution)

VM Mutex/Monitor currently owned by a thread: None

Heap:
 PSYoungGen      total 36864K, used 12290K [0x0000000795580000, 0x0000000798c80000, 0x00000007c0000000)
  eden space 31744K, 24% used [0x0000000795580000,0x0000000795d00918,0x0000000797480000)
  from space 5120K, 90% used [0x0000000797500000,0x0000000797980140,0x0000000797a00000)
  to   space 12288K, 0% used [0x0000000798080000,0x0000000798080000,0x0000000798c80000)
 ParOldGen       total 87552K, used 16456K [0x0000000740000000, 0x0000000745580000, 0x0000000795580000)
  object space 87552K, 18% used [0x0000000740000000,0x00000007410122a8,0x0000000745580000)
 Metaspace       used 21093K, capacity 21339K, committed 21552K, reserved 1069056K
  class space    used 2049K, capacity 2112K, committed 2176K, reserved 1048576K

Card table byte_map: [0x0000000114184000,0x0000000114585000] byte_map_base: 0x0000000110784000

Marking Bits: (ParMarkBitMap*) 0x00000001046e3ea0
 Begin Bits: [0x0000000114830000, 0x0000000116830000)
 End Bits:   [0x0000000116830000, 0x0000000118830000)

Polling page: 0x00000001032fc000

CodeCache: size=245760Kb used=8840Kb max_used=8853Kb free=236919Kb
 bounds [0x0000000104dc4000, 0x0000000105694000, 0x0000000113dc4000]
 total_blobs=3375 nmethods=2485 adapters=803
 compilation: enabled

Compilation events (10 events):
Event: 20.673 Thread 0x00007fba34850000 nmethod 2857 0x00000001054e6c50 code [0x00000001054e6ea0, 0x00000001054e80f8]
Event: 21.140 Thread 0x00007fba34850000 2858       3       java.awt.Rectangle::intersection (180 bytes)
Event: 21.141 Thread 0x00007fba34850000 nmethod 2858 0x00000001054e62d0 code [0x00000001054e6460, 0x00000001054e6990]
Event: 21.142 Thread 0x00007fba34850000 2859       3       sun.java2d.pipe.PixelToParallelogramConverter::normalize (15 bytes)
Event: 21.143 Thread 0x00007fba34850000 nmethod 2859 0x00000001054e5d90 code [0x00000001054e5f40, 0x00000001054e61c8]
Event: 21.175 Thread 0x00007fba34850000 2860       3       java.util.LinkedHashMap::afterNodeRemoval (65 bytes)
Event: 21.176 Thread 0x00007fba34850000 nmethod 2860 0x0000000105303810 code [0x0000000105303980, 0x0000000105303d30]
Event: 21.178 Thread 0x00007fba3484f000 2861  s    4       sun.misc.URLClassPath::getNextLoader (88 bytes)
Event: 21.178 Thread 0x00007fba3484d800 2862  s!   4       sun.misc.URLClassPath::getLoader (197 bytes)
Event: 21.181 Thread 0x00007fba34850000 2863   !   3       sun.misc.URLClassPath$JarLoader::getResource (349 bytes)

GC Heap History (10 events):
Event: 5.834 GC heap before
{Heap before GC invocations=3 (full 0):
 PSYoungGen      total 38400K, used 38381K [0x0000000795580000, 0x000000079a080000, 0x00000007c0000000)
  eden space 33280K, 100% used [0x0000000795580000,0x0000000797600000,0x0000000797600000)
  from space 5120K, 99% used [0x0000000797b00000,0x0000000797ffb480,0x0000000798000000)
  to   space 5120K, 0% used [0x0000000797600000,0x0000000797600000,0x0000000797b00000)
 ParOldGen       total 87552K, used 7701K [0x0000000740000000, 0x0000000745580000, 0x0000000795580000)
  object space 87552K, 8% used [0x0000000740000000,0x0000000740785760,0x0000000745580000)
 Metaspace       used 20441K, capacity 20667K, committed 20864K, reserved 1069056K
  class space    used 2021K, capacity 2080K, committed 2176K, reserved 1048576K
Event: 5.843 GC heap after
Heap after GC invocations=3 (full 0):
 PSYoungGen      total 38400K, used 5117K [0x0000000795580000, 0x0000000798000000, 0x00000007c0000000)
  eden space 33280K, 0% used [0x0000000795580000,0x0000000795580000,0x0000000797600000)
  from space 5120K, 99% used [0x0000000797600000,0x0000000797aff460,0x0000000797b00000)
  to   space 5120K, 0% used [0x0000000797b00000,0x0000000797b00000,0x0000000798000000)
 ParOldGen       total 87552K, used 8193K [0x0000000740000000, 0x0000000745580000, 0x0000000795580000)
  object space 87552K, 9% used [0x0000000740000000,0x00000007408006c8,0x0000000745580000)
 Metaspace       used 20441K, capacity 20667K, committed 20864K, reserved 1069056K
  class space    used 2021K, capacity 2080K, committed 2176K, reserved 1048576K
}
Event: 8.184 GC heap before
{Heap before GC invocations=4 (full 0):
 PSYoungGen      total 38400K, used 38397K [0x0000000795580000, 0x0000000798000000, 0x00000007c0000000)
  eden space 33280K, 100% used [0x0000000795580000,0x0000000797600000,0x0000000797600000)
  from space 5120K, 99% used [0x0000000797600000,0x0000000797aff460,0x0000000797b00000)
  to   space 5120K, 0% used [0x0000000797b00000,0x0000000797b00000,0x0000000798000000)
 ParOldGen       total 87552K, used 8193K [0x0000000740000000, 0x0000000745580000, 0x0000000795580000)
  object space 87552K, 9% used [0x0000000740000000,0x00000007408006c8,0x0000000745580000)
 Metaspace       used 20784K, capacity 21019K, committed 21296K, reserved 1069056K
  class space    used 2039K, capacity 2112K, committed 2176K, reserved 1048576K
Event: 8.191 GC heap after
Heap after GC invocations=4 (full 0):
 PSYoungGen      total 38400K, used 5101K [0x0000000795580000, 0x0000000798000000, 0x00000007c0000000)
  eden space 33280K, 0% used [0x0000000795580000,0x0000000795580000,0x0000000797600000)
  from space 5120K, 99% used [0x0000000797b00000,0x0000000797ffb440,0x0000000798000000)
  to   space 5120K, 0% used [0x0000000797600000,0x0000000797600000,0x0000000797b00000)
 ParOldGen       total 87552K, used 10406K [0x0000000740000000, 0x0000000745580000, 0x0000000795580000)
  object space 87552K, 11% used [0x0000000740000000,0x0000000740a29800,0x0000000745580000)
 Metaspace       used 20784K, capacity 21019K, committed 21296K, reserved 1069056K
  class space    used 2039K, capacity 2112K, committed 2176K, reserved 1048576K
}
Event: 11.016 GC heap before
{Heap before GC invocations=5 (full 0):
 PSYoungGen      total 38400K, used 38381K [0x0000000795580000, 0x0000000798000000, 0x00000007c0000000)
  eden space 33280K, 100% used [0x0000000795580000,0x0000000797600000,0x0000000797600000)
  from space 5120K, 99% used [0x0000000797b00000,0x0000000797ffb440,0x0000000798000000)
  to   space 5120K, 0% used [0x0000000797600000,0x0000000797600000,0x0000000797b00000)
 ParOldGen       total 87552K, used 10406K [0x0000000740000000, 0x0000000745580000, 0x0000000795580000)
  object space 87552K, 11% used [0x0000000740000000,0x0000000740a29800,0x0000000745580000)
 Metaspace       used 20851K, capacity 21019K, committed 21296K, reserved 1069056K
  class space    used 2039K, capacity 2112K, committed 2176K, reserved 1048576K
Event: 11.023 GC heap after
Heap after GC invocations=5 (full 0):
 PSYoungGen      total 37888K, used 4989K [0x0000000795580000, 0x0000000798d80000, 0x00000007c0000000)
  eden space 32768K, 0% used [0x0000000795580000,0x0000000795580000,0x0000000797580000)
  from space 5120K, 97% used [0x0000000797600000,0x0000000797adf460,0x0000000797b00000)
  to   space 12288K, 0% used [0x0000000798180000,0x0000000798180000,0x0000000798d80000)
 ParOldGen       total 87552K, used 12974K [0x0000000740000000, 0x0000000745580000, 0x0000000795580000)
  object space 87552K, 14% used [0x0000000740000000,0x0000000740cab8a0,0x0000000745580000)
 Metaspace       used 20851K, capacity 21019K, committed 21296K, reserved 1069056K
  class space    used 2039K, capacity 2112K, committed 2176K, reserved 1048576K
}
Event: 14.408 GC heap before
{Heap before GC invocations=6 (full 0):
 PSYoungGen      total 37888K, used 29990K [0x0000000795580000, 0x0000000798d80000, 0x00000007c0000000)
  eden space 32768K, 76% used [0x0000000795580000,0x0000000796dea670,0x0000000797580000)
  from space 5120K, 97% used [0x0000000797600000,0x0000000797adf460,0x0000000797b00000)
  to   space 12288K, 0% used [0x0000000798180000,0x0000000798180000,0x0000000798d80000)
 ParOldGen       total 87552K, used 12974K [0x0000000740000000, 0x0000000745580000, 0x0000000795580000)
  object space 87552K, 14% used [0x0000000740000000,0x0000000740cab8a0,0x0000000745580000)
 Metaspace       used 20928K, capacity 21147K, committed 21552K, reserved 1069056K
  class space    used 2041K, capacity 2112K, committed 2176K, reserved 1048576K
Event: 14.422 GC heap after
Heap after GC invocations=6 (full 0):
 PSYoungGen      total 44032K, used 8285K [0x0000000795580000, 0x0000000798d00000, 0x00000007c0000000)
  eden space 32256K, 0% used [0x0000000795580000,0x0000000795580000,0x0000000797500000)
  from space 11776K, 70% used [0x0000000798180000,0x0000000798997540,0x0000000798d00000)
  to   space 12288K, 0% used [0x0000000797500000,0x0000000797500000,0x0000000798100000)
 ParOldGen       total 87552K, used 12982K [0x0000000740000000, 0x0000000745580000, 0x0000000795580000)
  object space 87552K, 14% used [0x0000000740000000,0x0000000740cad8a0,0x0000000745580000)
 Metaspace       used 20928K, capacity 21147K, committed 21552K, reserved 1069056K
  class space    used 2041K, capacity 2112K, committed 2176K, reserved 1048576K
}
Event: 19.639 GC heap before
{Heap before GC invocations=7 (full 0):
 PSYoungGen      total 44032K, used 40541K [0x0000000795580000, 0x0000000798d00000, 0x00000007c0000000)
  eden space 32256K, 100% used [0x0000000795580000,0x0000000797500000,0x0000000797500000)
  from space 11776K, 70% used [0x0000000798180000,0x0000000798997540,0x0000000798d00000)
  to   space 12288K, 0% used [0x0000000797500000,0x0000000797500000,0x0000000798100000)
 ParOldGen       total 87552K, used 12982K [0x0000000740000000, 0x0000000745580000, 0x0000000795580000)
  object space 87552K, 14% used [0x0000000740000000,0x0000000740cad8a0,0x0000000745580000)
 Metaspace       used 21058K, capacity 21211K, committed 21552K, reserved 1069056K
  class space    used 2041K, capacity 2112K, committed 2176K, reserved 1048576K
Event: 19.646 GC heap after
Heap after GC invocations=7 (full 0):
 PSYoungGen      total 36864K, used 4608K [0x0000000795580000, 0x0000000798c80000, 0x00000007c0000000)
  eden space 31744K, 0% used [0x0000000795580000,0x0000000795580000,0x0000000797480000)
  from space 5120K, 90% used [0x0000000797500000,0x0000000797980140,0x0000000797a00000)
  to   space 12288K, 0% used [0x0000000798080000,0x0000000798080000,0x0000000798c80000)
 ParOldGen       total 87552K, used 16456K [0x0000000740000000, 0x0000000745580000, 0x0000000795580000)
  object space 87552K, 18% used [0x0000000740000000,0x00000007410122a8,0x0000000745580000)
 Metaspace       used 21058K, capacity 21211K, committed 21552K, reserved 1069056K
  class space    used 2041K, capacity 2112K, committed 2176K, reserved 1048576K
}

Deoptimization events (10 events):
Event: 14.020 Thread 0x00007fba34389000 Uncommon trap: reason=unstable_if action=reinterpret pc=0x00000001053c8dc4 method=de.fhpotsdam.unfolding.core.Coordinate.equals(Ljava/lang/Object;)Z @ 38
Event: 14.070 Thread 0x00007fba34389000 Uncommon trap: reason=unstable_if action=reinterpret pc=0x00000001053bf250 method=sun.misc.FloatingDecimal$BinaryToASCIIBuffer.developLongDigits(IJI)V @ 104
Event: 14.070 Thread 0x00007fba34389000 Uncommon trap: reason=unstable_if action=reinterpret pc=0x00000001053abfe4 method=sun.misc.FloatingDecimal$BinaryToASCIIBuffer.getChars([C)I @ 94
Event: 14.070 Thread 0x00007fba34389000 Uncommon trap: reason=unstable_if action=reinterpret pc=0x000000010537c978 method=java.text.DigitList.getDataChars(I)[C @ 13
Event: 14.070 Thread 0x00007fba34389000 Uncommon trap: reason=unstable_if action=reinterpret pc=0x0000000105384964 method=java.text.DecimalFormat.subformat(Ljava/lang/StringBuffer;Ljava/text/Format$FieldDelegate;ZZIIII)Ljava/lang/StringBuffer; @ 753
Event: 14.070 Thread 0x00007fba34389000 Uncommon trap: reason=unstable_if action=reinterpret pc=0x00000001053cbd40 method=sun.misc.FloatingDecimal$BinaryToASCIIBuffer.developLongDigits(IJI)V @ 104
Event: 21.142 Thread 0x00007fba34a58800 Uncommon trap: reason=unstable_if action=reinterpret pc=0x0000000105490f90 method=java.awt.font.FontRenderContext.equals(Ljava/awt/font/FontRenderContext;)Z @ 2
Event: 21.171 Thread 0x00007fba34195800 Uncommon trap: reason=unstable_if action=reinterpret pc=0x00000001052bbc08 method=java.util.HashMap.putVal(ILjava/lang/Object;Ljava/lang/Object;ZZ)Ljava/lang/Object; @ 81
Event: 21.171 Thread 0x00007fba34195800 Uncommon trap: reason=unstable_if action=reinterpret pc=0x0000000105283588 method=java.util.HashMap.putVal(ILjava/lang/Object;Ljava/lang/Object;ZZ)Ljava/lang/Object; @ 81
Event: 21.172 Thread 0x00007fba34a58800 Uncommon trap: reason=unstable_if action=reinterpret pc=0x0000000105466fb8 method=java.awt.font.FontRenderContext.equals(Ljava/awt/font/FontRenderContext;)Z @ 2

Internal exceptions (10 events):
Event: 0.356 Thread 0x00007fba35002000 Exception <a 'java/io/FileNotFoundException'> (0x0000000795903498) thrown at [/Users/java_re/workspace/8-2-build-macosx-x86_64/jdk8u71/5731/hotspot/src/share/vm/prims/jni.cpp, line 709]
Event: 0.356 Thread 0x00007fba35002000 Exception <a 'java/io/FileNotFoundException'> (0x0000000795904000) thrown at [/Users/java_re/workspace/8-2-build-macosx-x86_64/jdk8u71/5731/hotspot/src/share/vm/prims/jni.cpp, line 709]
Event: 0.465 Thread 0x00007fba35002000 Exception <a 'java/io/FileNotFoundException'> (0x0000000795ae8a90) thrown at [/Users/java_re/workspace/8-2-build-macosx-x86_64/jdk8u71/5731/hotspot/src/share/vm/prims/jni.cpp, line 709]
Event: 1.837 Thread 0x00007fba343ff000 Exception <a 'java/lang/UnsatisfiedLinkError': com.jogamp.common.util.JarUtil.fixNativeLibAttribs(Ljava/lang/String;)Z> (0x0000000796c143e8) thrown at [/Users/java_re/workspace/8-2-build-macosx-x86_64/jdk8u71/5731/hotspot/src/share/vm/prims/nativeLookup.c
Event: 2.069 Thread 0x00007fba34840000 Exception <a 'java/lang/NullPointerException'> (0x00000007956a4710) thrown at [/Users/java_re/workspace/8-2-build-macosx-x86_64/jdk8u71/5731/hotspot/src/share/vm/interpreter/linkResolver.cpp, line 1178]
Event: 2.683 Thread 0x00007fba34389000 Exception <a 'java/io/FileNotFoundException'> (0x00000007960bb810) thrown at [/Users/java_re/workspace/8-2-build-macosx-x86_64/jdk8u71/5731/hotspot/src/share/vm/prims/jni.cpp, line 709]
Event: 2.683 Thread 0x00007fba34389000 Exception <a 'java/io/FileNotFoundException'> (0x00000007960c2978) thrown at [/Users/java_re/workspace/8-2-build-macosx-x86_64/jdk8u71/5731/hotspot/src/share/vm/prims/jni.cpp, line 709]
Event: 2.684 Thread 0x00007fba34389000 Implicit null exception at 0x0000000104f778b3 to 0x0000000104f77c3d
Event: 3.375 Thread 0x00007fba34389000 Implicit null exception at 0x00000001052396a5 to 0x00000001052397f9
Event: 13.916 Thread 0x00007fba39132800 Exception <a 'java/security/PrivilegedActionException'> (0x0000000796338e78) thrown at [/Users/java_re/workspace/8-2-build-macosx-x86_64/jdk8u71/5731/hotspot/src/share/vm/prims/jvm.cpp, line 1386]

Events (10 events):
Event: 21.178 loading class com/jogamp/nativewindow/awt/JAWTWindow$JAWTComponentListener$2
Event: 21.178 loading class com/jogamp/nativewindow/awt/JAWTWindow$JAWTComponentListener$2 done
Event: 21.180 loading class jogamp/nativewindow/jawt/macosx/MacOSXJAWTWindow$1
Event: 21.180 loading class jogamp/nativewindow/jawt/macosx/MacOSXJAWTWindow$1 done
Event: 21.182 loading class java/awt/LightweightDispatcher$2
Event: 21.182 loading class java/awt/LightweightDispatcher$2 done
Event: 21.182 loading class java/awt/event/AWTEventListenerProxy
Event: 21.183 loading class java/awt/event/AWTEventListenerProxy done
Event: 21.183 loading class java/awt/Toolkit$ToolkitEventMulticaster
Event: 21.183 loading class java/awt/Toolkit$ToolkitEventMulticaster done


Dynamic libraries:
0x00000000004ae000 	/System/Library/Frameworks/Cocoa.framework/Versions/A/Cocoa
0x0000000102a6b000 	/System/Library/Frameworks/Security.framework/Versions/A/Security
0x00000000004ae000 	/System/Library/Frameworks/ApplicationServices.framework/Versions/A/ApplicationServices
0x00000000004ae000 	/usr/lib/libz.1.dylib
0x00000000004ae000 	/usr/lib/libSystem.B.dylib
0x00000000004ae000 	/usr/lib/libobjc.A.dylib
0x00000000004ae000 	/System/Library/Frameworks/CoreFoundation.framework/Versions/A/CoreFoundation
0x00000000004ae000 	/System/Library/Frameworks/Foundation.framework/Versions/C/Foundation
0x00000000004ae000 	/System/Library/Frameworks/AppKit.framework/Versions/C/AppKit
0x00000000004ae000 	/System/Library/Frameworks/CoreData.framework/Versions/A/CoreData
0x00000000004ae000 	/System/Library/PrivateFrameworks/RemoteViewServices.framework/Versions/A/RemoteViewServices
0x00000000004ae000 	/System/Library/PrivateFrameworks/UIFoundation.framework/Versions/A/UIFoundation
0x00000000004ae000 	/usr/lib/libScreenReader.dylib
0x00000000004ae000 	/System/Library/Frameworks/Accelerate.framework/Versions/A/Accelerate
0x00000000004ae000 	/System/Library/Frameworks/IOSurface.framework/Versions/A/IOSurface
0x00000000004ae000 	/System/Library/Frameworks/AudioToolbox.framework/Versions/A/AudioToolbox
0x00000000004ae000 	/System/Library/Frameworks/AudioUnit.framework/Versions/A/AudioUnit
0x00000000004ae000 	/System/Library/PrivateFrameworks/DataDetectorsCore.framework/Versions/A/DataDetectorsCore
0x00000000004ae000 	/System/Library/PrivateFrameworks/DesktopServicesPriv.framework/Versions/A/DesktopServicesPriv
0x00000000004ae000 	/System/Library/Frameworks/Carbon.framework/Versions/A/Frameworks/HIToolbox.framework/Versions/A/HIToolbox
0x00000000004ae000 	/System/Library/Frameworks/QuartzCore.framework/Versions/A/QuartzCore
0x00000000004ae000 	/System/Library/Frameworks/Carbon.framework/Versions/A/Frameworks/SpeechRecognition.framework/Versions/A/SpeechRecognition
0x00000000004ae000 	/usr/lib/libauto.dylib
0x00000000004ae000 	/usr/lib/libicucore.A.dylib
0x00000000004ae000 	/usr/lib/libxml2.2.dylib
0x00000000004ae000 	/System/Library/PrivateFrameworks/CoreUI.framework/Versions/A/CoreUI
0x00000000004ae000 	/System/Library/Frameworks/CoreAudio.framework/Versions/A/CoreAudio
0x00000000004ae000 	/System/Library/Frameworks/DiskArbitration.framework/Versions/A/DiskArbitration
0x00000000004ae000 	/usr/lib/liblangid.dylib
0x00000000004ae000 	/System/Library/PrivateFrameworks/MultitouchSupport.framework/Versions/A/MultitouchSupport
0x00000000004ae000 	/System/Library/Frameworks/IOKit.framework/Versions/A/IOKit
0x00000000004ae000 	/usr/lib/libDiagnosticMessagesClient.dylib
0x00000000004ae000 	/System/Library/Frameworks/CoreServices.framework/Versions/A/CoreServices
0x00000000004ae000 	/System/Library/PrivateFrameworks/PerformanceAnalysis.framework/Versions/A/PerformanceAnalysis
0x00000000004ae000 	/System/Library/PrivateFrameworks/GenerationalStorage.framework/Versions/A/GenerationalStorage
0x00000000004ae000 	/System/Library/Frameworks/OpenGL.framework/Versions/A/OpenGL
0x00000000004ae000 	/System/Library/PrivateFrameworks/Sharing.framework/Versions/A/Sharing
0x00000000004ae000 	/System/Library/Frameworks/CoreGraphics.framework/Versions/A/CoreGraphics
0x00000000004ae000 	/System/Library/Frameworks/CoreImage.framework/Versions/A/CoreImage
0x00000000004ae000 	/System/Library/Frameworks/CoreText.framework/Versions/A/CoreText
0x00000000004ae000 	/System/Library/Frameworks/ImageIO.framework/Versions/A/ImageIO
0x00000000004ae000 	/System/Library/PrivateFrameworks/Backup.framework/Versions/A/Backup
0x00000000004ae000 	/usr/lib/libextension.dylib
0x00000000004ae000 	/usr/lib/libarchive.2.dylib
0x0000000102e87000 	/System/Library/Frameworks/CFNetwork.framework/Versions/A/CFNetwork
0x00000000004ae000 	/System/Library/Frameworks/SystemConfiguration.framework/Versions/A/SystemConfiguration
0x00000000004ae000 	/usr/lib/libCRFSuite.dylib
0x00000000004ae000 	/usr/lib/libc++.1.dylib
0x00000000004ae000 	/usr/lib/libc++abi.dylib
0x00000000004ae000 	/usr/lib/system/libcache.dylib
0x00000000004ae000 	/usr/lib/system/libcommonCrypto.dylib
0x00000000004ae000 	/usr/lib/system/libcompiler_rt.dylib
0x00000000004ae000 	/usr/lib/system/libcopyfile.dylib
0x00000000004ae000 	/usr/lib/system/libcorecrypto.dylib
0x00000000004ae000 	/usr/lib/system/libdispatch.dylib
0x00000000004ae000 	/usr/lib/system/libdyld.dylib
0x00000000004ae000 	/usr/lib/system/libkeymgr.dylib
0x00000001032fe000 	/usr/lib/system/liblaunch.dylib
0x00000000004ae000 	/usr/lib/system/libmacho.dylib
0x00000000004ae000 	/usr/lib/system/libquarantine.dylib
0x00000000004ae000 	/usr/lib/system/libremovefile.dylib
0x00000000004ae000 	/usr/lib/system/libsystem_asl.dylib
0x00000000004ae000 	/usr/lib/system/libsystem_blocks.dylib
0x00000000004ae000 	/usr/lib/system/libsystem_c.dylib
0x00000000004ae000 	/usr/lib/system/libsystem_configuration.dylib
0x00000000004ae000 	/usr/lib/system/libsystem_coreservices.dylib
0x00000000004ae000 	/usr/lib/system/libsystem_coretls.dylib
0x00000000004ae000 	/usr/lib/system/libsystem_dnssd.dylib
0x00000000004ae000 	/usr/lib/system/libsystem_info.dylib
0x00000000004ae000 	/usr/lib/system/libsystem_kernel.dylib
0x00000000004ae000 	/usr/lib/system/libsystem_m.dylib
0x00000000004ae000 	/usr/lib/system/libsystem_malloc.dylib
0x00000000004ae000 	/usr/lib/system/libsystem_network.dylib
0x00000000004ae000 	/usr/lib/system/libsystem_networkextension.dylib
0x00000000004ae000 	/usr/lib/system/libsystem_notify.dylib
0x00000000004ae000 	/usr/lib/system/libsystem_platform.dylib
0x00000000004ae000 	/usr/lib/system/libsystem_pthread.dylib
0x0000000103308000 	/usr/lib/system/libsystem_sandbox.dylib
0x00000000004ae000 	/usr/lib/system/libsystem_secinit.dylib
0x00000000004ae000 	/usr/lib/system/libsystem_trace.dylib
0x00000000004ae000 	/usr/lib/system/libunc.dylib
0x00000000004ae000 	/usr/lib/system/libunwind.dylib
0x0000000103313000 	/usr/lib/system/libxpc.dylib
0x00000000004ae000 	/usr/lib/libenergytrace.dylib
0x00000000004ae000 	/usr/lib/libbsm.0.dylib
0x00000000004ae000 	/usr/lib/system/libkxld.dylib
0x00000000004ae000 	/usr/lib/libxar.1.dylib
0x00000000004ae000 	/usr/lib/libsqlite3.dylib
0x00000000004ae000 	/usr/lib/libpam.2.dylib
0x00000000004ae000 	/usr/lib/libOpenScriptingUtil.dylib
0x00000000004ae000 	/usr/lib/libbz2.1.0.dylib
0x00000000004ae000 	/usr/lib/liblzma.5.dylib
0x00000000004ae000 	/System/Library/Frameworks/CoreServices.framework/Versions/A/Frameworks/FSEvents.framework/Versions/A/FSEvents
0x00000000004ae000 	/System/Library/Frameworks/CoreServices.framework/Versions/A/Frameworks/CarbonCore.framework/Versions/A/CarbonCore
0x00000000004ae000 	/System/Library/Frameworks/CoreServices.framework/Versions/A/Frameworks/Metadata.framework/Versions/A/Metadata
0x00000000004ae000 	/System/Library/Frameworks/CoreServices.framework/Versions/A/Frameworks/OSServices.framework/Versions/A/OSServices
0x00000000004ae000 	/System/Library/Frameworks/CoreServices.framework/Versions/A/Frameworks/SearchKit.framework/Versions/A/SearchKit
0x00000000004ae000 	/System/Library/Frameworks/CoreServices.framework/Versions/A/Frameworks/AE.framework/Versions/A/AE
0x00000000004ae000 	/System/Library/Frameworks/CoreServices.framework/Versions/A/Frameworks/LaunchServices.framework/Versions/A/LaunchServices
0x00000000004ae000 	/System/Library/Frameworks/CoreServices.framework/Versions/A/Frameworks/DictionaryServices.framework/Versions/A/DictionaryServices
0x00000000004ae000 	/System/Library/Frameworks/CoreServices.framework/Versions/A/Frameworks/SharedFileList.framework/Versions/A/SharedFileList
0x00000000004ae000 	/System/Library/Frameworks/NetFS.framework/Versions/A/NetFS
0x00000000004ae000 	/System/Library/PrivateFrameworks/NetAuth.framework/Versions/A/NetAuth
0x00000000004ae000 	/System/Library/PrivateFrameworks/login.framework/Versions/A/Frameworks/loginsupport.framework/Versions/A/loginsupport
0x00000000004ae000 	/System/Library/PrivateFrameworks/TCC.framework/Versions/A/TCC
0x00000000004ae000 	/usr/lib/libmecabra.dylib
0x00000000004ae000 	/System/Library/Frameworks/ApplicationServices.framework/Versions/A/Frameworks/ATS.framework/Versions/A/ATS
0x00000000004ae000 	/System/Library/Frameworks/ApplicationServices.framework/Versions/A/Frameworks/ColorSync.framework/Versions/A/ColorSync
0x00000000004ae000 	/System/Library/Frameworks/ApplicationServices.framework/Versions/A/Frameworks/HIServices.framework/Versions/A/HIServices
0x00000000004ae000 	/System/Library/Frameworks/ApplicationServices.framework/Versions/A/Frameworks/LangAnalysis.framework/Versions/A/LangAnalysis
0x00000000004ae000 	/System/Library/Frameworks/ApplicationServices.framework/Versions/A/Frameworks/PrintCore.framework/Versions/A/PrintCore
0x00000000004ae000 	/System/Library/Frameworks/ApplicationServices.framework/Versions/A/Frameworks/QD.framework/Versions/A/QD
0x00000000004ae000 	/System/Library/Frameworks/ApplicationServices.framework/Versions/A/Frameworks/SpeechSynthesis.framework/Versions/A/SpeechSynthesis
0x00000000004ae000 	/System/Library/Frameworks/Metal.framework/Versions/A/Metal
0x00000000004ae000 	/System/Library/Frameworks/Accelerate.framework/Versions/A/Frameworks/vImage.framework/Versions/A/vImage
0x00000000004ae000 	/System/Library/Frameworks/Accelerate.framework/Versions/A/Frameworks/vecLib.framework/Versions/A/vecLib
0x00000000004ae000 	/System/Library/Frameworks/Accelerate.framework/Versions/A/Frameworks/vecLib.framework/Versions/A/libvDSP.dylib
0x00000000004ae000 	/System/Library/Frameworks/Accelerate.framework/Versions/A/Frameworks/vecLib.framework/Versions/A/libvMisc.dylib
0x00000000004ae000 	/System/Library/Frameworks/Accelerate.framework/Versions/A/Frameworks/vecLib.framework/Versions/A/libLAPACK.dylib
0x00000000004ae000 	/System/Library/Frameworks/Accelerate.framework/Versions/A/Frameworks/vecLib.framework/Versions/A/libBLAS.dylib
0x00000000004ae000 	/System/Library/Frameworks/Accelerate.framework/Versions/A/Frameworks/vecLib.framework/Versions/A/libLinearAlgebra.dylib
0x00000000004ae000 	/System/Library/Frameworks/Accelerate.framework/Versions/A/Frameworks/vecLib.framework/Versions/A/libSparseBLAS.dylib
0x00000000004ae000 	/System/Library/PrivateFrameworks/GPUCompiler.framework/libmetal_timestamp.dylib
0x00000000004ae000 	/System/Library/Frameworks/OpenGL.framework/Versions/A/Libraries/libCoreFSCache.dylib
0x00000000004ae000 	/System/Library/PrivateFrameworks/IOAccelerator.framework/Versions/A/IOAccelerator
0x00000000004ae000 	/System/Library/Frameworks/ApplicationServices.framework/Versions/A/Frameworks/ATS.framework/Versions/A/Resources/libFontParser.dylib
0x00000000004ae000 	/System/Library/Frameworks/ApplicationServices.framework/Versions/A/Frameworks/ATS.framework/Versions/A/Resources/libFontRegistry.dylib
0x00000000004ae000 	/System/Library/PrivateFrameworks/AppleVPA.framework/Versions/A/AppleVPA
0x00000000004ae000 	/System/Library/PrivateFrameworks/AppleJPEG.framework/Versions/A/AppleJPEG
0x00000000004ae000 	/System/Library/Frameworks/ImageIO.framework/Versions/A/Resources/libJPEG.dylib
0x00000000004ae000 	/System/Library/Frameworks/ImageIO.framework/Versions/A/Resources/libTIFF.dylib
0x00000000004ae000 	/System/Library/Frameworks/ImageIO.framework/Versions/A/Resources/libPng.dylib
0x00000000004ae000 	/System/Library/Frameworks/ImageIO.framework/Versions/A/Resources/libGIF.dylib
0x00000000004ae000 	/System/Library/Frameworks/ImageIO.framework/Versions/A/Resources/libJP2.dylib
0x00000000004ae000 	/System/Library/Frameworks/ImageIO.framework/Versions/A/Resources/libRadiance.dylib
0x00000000004ae000 	/System/Library/Frameworks/CoreVideo.framework/Versions/A/CoreVideo
0x00000000004ae000 	/System/Library/Frameworks/OpenGL.framework/Versions/A/Libraries/libGLU.dylib
0x00000000004ae000 	/System/Library/Frameworks/OpenGL.framework/Versions/A/Libraries/libGFXShared.dylib
0x00000000004ae000 	/System/Library/Frameworks/OpenGL.framework/Versions/A/Libraries/libGL.dylib
0x00000000004ae000 	/System/Library/Frameworks/OpenGL.framework/Versions/A/Libraries/libGLImage.dylib
0x00000000004ae000 	/System/Library/Frameworks/OpenGL.framework/Versions/A/Libraries/libCVMSPluginSupport.dylib
0x00000000004ae000 	/System/Library/Frameworks/OpenGL.framework/Versions/A/Libraries/libCoreVMClient.dylib
0x00000000004ae000 	/usr/lib/libcompression.dylib
0x00000000004ae000 	/usr/lib/libcups.2.dylib
0x00000000004ae000 	/System/Library/Frameworks/Kerberos.framework/Versions/A/Kerberos
0x00000000004ae000 	/System/Library/Frameworks/GSS.framework/Versions/A/GSS
0x00000000004ae000 	/usr/lib/libresolv.9.dylib
0x00000000004ae000 	/usr/lib/libiconv.2.dylib
0x00000000004ae000 	/System/Library/PrivateFrameworks/Heimdal.framework/Versions/A/Heimdal
0x00000000004ae000 	/usr/lib/libheimdal-asn1.dylib
0x00000000004ae000 	/System/Library/Frameworks/OpenDirectory.framework/Versions/A/OpenDirectory
0x00000000004ae000 	/System/Library/PrivateFrameworks/CommonAuth.framework/Versions/A/CommonAuth
0x00000000004ae000 	/System/Library/Frameworks/OpenDirectory.framework/Versions/A/Frameworks/CFOpenDirectory.framework/Versions/A/CFOpenDirectory
0x00000000004ae000 	/System/Library/Frameworks/SecurityFoundation.framework/Versions/A/SecurityFoundation
0x00000000004ae000 	/System/Library/PrivateFrameworks/LanguageModeling.framework/Versions/A/LanguageModeling
0x00000000004ae000 	/usr/lib/libmarisa.dylib
0x00000000004ae000 	/usr/lib/libChineseTokenizer.dylib
0x00000000004ae000 	/usr/lib/libcmph.dylib
0x000000010335d000 	/System/Library/Frameworks/ServiceManagement.framework/Versions/A/ServiceManagement
0x00000000004ae000 	/usr/lib/libxslt.1.dylib
0x00000000004ae000 	/System/Library/Frameworks/Carbon.framework/Versions/A/Frameworks/Ink.framework/Versions/A/Ink
0x00000000004ae000 	/usr/lib/libFosl_dynamic.dylib
0x00000000004ae000 	/System/Library/PrivateFrameworks/FaceCore.framework/Versions/A/FaceCore
0x00000000004ae000 	/System/Library/Frameworks/OpenCL.framework/Versions/A/OpenCL
0x00000000004ae000 	/System/Library/PrivateFrameworks/CrashReporterSupport.framework/Versions/A/CrashReporterSupport
0x00000000004ae000 	/System/Library/PrivateFrameworks/IconServices.framework/Versions/A/IconServices
0x00000000004ae000 	/System/Library/PrivateFrameworks/Apple80211.framework/Versions/A/Apple80211
0x00000000004ae000 	/System/Library/Frameworks/CoreWLAN.framework/Versions/A/CoreWLAN
0x00000000004ae000 	/System/Library/Frameworks/IOBluetooth.framework/Versions/A/IOBluetooth
0x00000000004ae000 	/System/Library/PrivateFrameworks/CoreWiFi.framework/Versions/A/CoreWiFi
0x00000000004ae000 	/System/Library/Frameworks/CoreBluetooth.framework/Versions/A/CoreBluetooth
0x00000000004ae000 	/System/Library/PrivateFrameworks/ChunkingLibrary.framework/Versions/A/ChunkingLibrary
0x00000000004ae000 	/System/Library/PrivateFrameworks/DebugSymbols.framework/Versions/A/DebugSymbols
0x00000000004ae000 	/System/Library/PrivateFrameworks/CoreSymbolication.framework/Versions/A/CoreSymbolication
0x00000000004ae000 	/System/Library/PrivateFrameworks/Symbolication.framework/Versions/A/Symbolication
0x00000000004ae000 	/System/Library/PrivateFrameworks/SpeechRecognitionCore.framework/Versions/A/SpeechRecognitionCore
0x0000000103e00000 	/Library/Java/JavaVirtualMachines/jdk1.8.0_71.jdk/Contents/Home/jre/lib/server/libjvm.dylib
0x00000000004ae000 	/usr/lib/libstdc++.6.dylib
0x00000001035c6000 	/Library/Java/JavaVirtualMachines/jdk1.8.0_71.jdk/Contents/Home/jre/lib/libverify.dylib
0x0000000104d8f000 	/Library/Java/JavaVirtualMachines/jdk1.8.0_71.jdk/Contents/Home/jre/lib/libjava.dylib
0x00000001035dc000 	/Library/Java/JavaVirtualMachines/jdk1.8.0_71.jdk/Contents/Home/jre/lib/libzip.dylib
0x00000001035e5000 	/System/Library/Frameworks/JavaVM.framework/Frameworks/JavaRuntimeSupport.framework/JavaRuntimeSupport
0x000000011a726000 	/System/Library/Frameworks/JavaVM.framework/Versions/A/Frameworks/JavaNativeFoundation.framework/Versions/A/JavaNativeFoundation
0x000000011a73b000 	/System/Library/Frameworks/JavaVM.framework/Versions/A/JavaVM
0x00000000004ae000 	/System/Library/Frameworks/Carbon.framework/Versions/A/Carbon
0x000000011a748000 	/System/Library/PrivateFrameworks/JavaLaunching.framework/Versions/A/JavaLaunching
0x00000000004ae000 	/System/Library/Frameworks/Carbon.framework/Versions/A/Frameworks/CommonPanels.framework/Versions/A/CommonPanels
0x00000000004ae000 	/System/Library/Frameworks/Carbon.framework/Versions/A/Frameworks/Help.framework/Versions/A/Help
0x00000000004ae000 	/System/Library/Frameworks/Carbon.framework/Versions/A/Frameworks/ImageCapture.framework/Versions/A/ImageCapture
0x00000000004ae000 	/System/Library/Frameworks/Carbon.framework/Versions/A/Frameworks/OpenScripting.framework/Versions/A/OpenScripting
0x00000000004ae000 	/System/Library/Frameworks/Carbon.framework/Versions/A/Frameworks/Print.framework/Versions/A/Print
0x00000000004ae000 	/System/Library/Frameworks/Carbon.framework/Versions/A/Frameworks/SecurityHI.framework/Versions/A/SecurityHI
0x000000011c0a1000 	/Library/Java/JavaVirtualMachines/jdk1.8.0_71.jdk/Contents/Home/jre/lib/libawt.dylib
0x000000011c149000 	/Library/Java/JavaVirtualMachines/jdk1.8.0_71.jdk/Contents/Home/jre/lib/./libmlib_image.dylib
0x000000011c215000 	/Library/Java/JavaVirtualMachines/jdk1.8.0_71.jdk/Contents/Home/jre/lib/libawt_lwawt.dylib
0x000000011c2ca000 	/Library/Java/JavaVirtualMachines/jdk1.8.0_71.jdk/Contents/Home/jre/lib/./libosxapp.dylib
0x00000000004ae000 	/System/Library/Frameworks/ExceptionHandling.framework/Versions/A/ExceptionHandling
0x00000000004ae000 	/System/Library/PrivateFrameworks/CoreServicesInternal.framework/Versions/A/CoreServicesInternal
0x00000000004ae000 	/System/Library/Frameworks/CoreGraphics.framework/Versions/A/Resources/libRIP.A.dylib
0x000000011d0d9000 	/System/Library/Frameworks/Accelerate.framework/Frameworks/vImage.framework/Versions/A/Libraries/libCGInterfaces.dylib
0x00000000004ae000 	/System/Library/Frameworks/CoreGraphics.framework/Versions/A/Resources/libCGXType.A.dylib
0x00000000004ae000 	/System/Library/Frameworks/OpenCL.framework/Versions/A/Libraries/libcldcpuengine.dylib
0x00000000004ae000 	/System/Library/PrivateFrameworks/DiskImages.framework/Versions/A/DiskImages
0x00000000004ae000 	/System/Library/Frameworks/DiscRecording.framework/Versions/A/DiscRecording
0x00000000004ae000 	/usr/lib/libcsfde.dylib
0x00000000004ae000 	/usr/lib/libcurl.4.dylib
0x00000000004ae000 	/System/Library/PrivateFrameworks/MediaKit.framework/Versions/A/MediaKit
0x00000000004ae000 	/System/Library/PrivateFrameworks/ProtectedCloudStorage.framework/Versions/A/ProtectedCloudStorage
0x00000000004ae000 	/usr/lib/libCoreStorage.dylib
0x00000000004ae000 	/System/Library/PrivateFrameworks/EFILogin.framework/Versions/A/EFILogin
0x00000000004ae000 	/usr/lib/libutil.dylib
0x00000000004ae000 	/System/Library/PrivateFrameworks/FindMyDevice.framework/Versions/A/FindMyDevice
0x00000000004ae000 	/System/Library/Frameworks/LDAP.framework/Versions/A/LDAP
0x00000000004ae000 	/usr/lib/libsasl2.2.dylib
0x00000000004ae000 	/System/Library/PrivateFrameworks/CoreDaemon.framework/Versions/B/CoreDaemon
0x00000000004ae000 	/usr/lib/libcrypto.0.9.8.dylib
0x00000000004ae000 	/System/Library/PrivateFrameworks/AppleSRP.framework/Versions/A/AppleSRP
0x00000000004ae000 	/System/Library/PrivateFrameworks/TrustEvaluationAgent.framework/Versions/A/TrustEvaluationAgent
0x000000011dedb000 	cl_kernels
0x00000000004ae000 	/System/Library/Frameworks/OpenCL.framework/Versions/A/Libraries/ImageFormats/unorm8_bgra.dylib
0x00000000004ae000 	/System/Library/Frameworks/OpenCL.framework/Versions/A/Libraries/ImageFormats/unorm8_rgba.dylib
0x00000000004ae000 	/System/Library/PrivateFrameworks/FamilyControls.framework/Versions/A/FamilyControls
0x00000000004ae000 	/System/Library/PrivateFrameworks/CommerceKit.framework/Versions/A/Frameworks/CommerceCore.framework/Versions/A/CommerceCore
0x00000000004ae000 	/System/Library/PrivateFrameworks/SystemAdministration.framework/Versions/A/SystemAdministration
0x00000000004ae000 	/System/Library/PrivateFrameworks/AppContainer.framework/Versions/A/AppContainer
0x00000000004ae000 	/System/Library/PrivateFrameworks/SecCodeWrapper.framework/Versions/A/SecCodeWrapper
0x00000000004ae000 	/System/Library/Frameworks/DirectoryService.framework/Versions/A/DirectoryService
0x00000000004ae000 	/System/Library/PrivateFrameworks/LoginUIKit.framework/Versions/A/Frameworks/LoginUICore.framework/Versions/A/LoginUICore
0x00000000004ae000 	/usr/lib/libodfde.dylib
0x000000011efd9000 	/System/Library/Frameworks/OpenGL.framework/Resources/GLEngine.bundle/GLEngine
0x00000000004ae000 	/System/Library/Frameworks/OpenGL.framework/Versions/A/Libraries/libGLProgrammability.dylib
0x000000011f1c1000 	/System/Library/Extensions/AppleIntelBDWGraphicsGLDriver.bundle/Contents/MacOS/AppleIntelBDWGraphicsGLDriver
0x00000000004ae000 	/System/Library/PrivateFrameworks/GPUSupport.framework/Versions/A/Libraries/libGPUSupportMercury.dylib
0x000000011f909000 	/System/Library/Frameworks/OpenGL.framework/Resources//GLRendererFloat.bundle/GLRendererFloat
0x0000000120178000 	/Library/Java/JavaVirtualMachines/jdk1.8.0_71.jdk/Contents/Home/jre/lib/libfontmanager.dylib
0x0000000121645000 	/Library/Java/JavaVirtualMachines/jdk1.8.0_71.jdk/Contents/Home/jre/lib/libosxui.dylib
0x00000001220c6000 	/Library/Java/JavaVirtualMachines/jdk1.8.0_71.jdk/Contents/Home/jre/lib/libnet.dylib
0x0000000122144000 	/Library/Java/JavaVirtualMachines/jdk1.8.0_71.jdk/Contents/Home/jre/lib/libnio.dylib
0x00000000004ae000 	/System/Library/Frameworks/ApplicationServices.framework/Versions/A/Frameworks/ATS.framework/Versions/A/Resources/libTrueTypeScaler.dylib
0x0000000173506000 	/System/Library/Extensions/AppleIntelBDWGraphicsMTLDriver.bundle/Contents/MacOS/AppleIntelBDWGraphicsMTLDriver
0x00000001733dd000 	/private/var/folders/bp/4r8fjq1s4h53mndl7lh4ynwc0000gn/T/jogamp_0000/file_cache/jln3903021399314165564/jln6962428304677207845/libgluegen-rt.jnilib
0x00000001213d0000 	/private/var/folders/bp/4r8fjq1s4h53mndl7lh4ynwc0000gn/T/jogamp_0000/file_cache/jln3903021399314165564/jln6962428304677207845/libnativewindow_awt.jnilib
0x0000000122161000 	/Library/Java/JavaVirtualMachines/jdk1.8.0_71.jdk/Contents/Home/jre/lib/libjawt.dylib
0x00000001733e1000 	/private/var/folders/bp/4r8fjq1s4h53mndl7lh4ynwc0000gn/T/jogamp_0000/file_cache/jln3903021399314165564/jln6962428304677207845/libnativewindow_macosx.jnilib
0x0000000179a0a000 	/private/var/folders/bp/4r8fjq1s4h53mndl7lh4ynwc0000gn/T/jogamp_0000/file_cache/jln3903021399314165564/jln6962428304677207845/libjogl_desktop.jnilib
0x000000011de1e000 	/Library/Java/JavaVirtualMachines/jdk1.8.0_71.jdk/Contents/Home/jre/lib/libt2k.dylib
0x000000011dbb0000 	/Library/Java/JavaVirtualMachines/jdk1.8.0_71.jdk/Contents/Home/jre/lib/libjpeg.dylib

VM Arguments:
jvm_args: -Djava.security.policy=java.policy.applet -Dfile.encoding=UTF-8 
java_command: sun.applet.AppletViewer module4.EarthquakeCityMap1465290217256.html
java_class_path (initial): /Users/ruoyancai/Workspace/UCSDUnfoldingMaps/build:/Users/ruoyancai/Workspace/UCSDUnfoldingMaps/lib/core.jar:/Users/ruoyancai/Workspace/UCSDUnfoldingMaps/lib/gluegen-rt.jar:/Users/ruoyancai/Workspace/UCSDUnfoldingMaps/lib/jogl-all.jar:/Users/ruoyancai/Workspace/UCSDUnfoldingMaps/lib/log4j-1.2.15.jar:/Users/ruoyancai/Workspace/UCSDUnfoldingMaps/lib/sqlite-jdbc-3.7.2.jar:/Users/ruoyancai/Workspace/UCSDUnfoldingMaps/lib/json4processing.jar:/Users/ruoyancai/Workspace/UCSDUnfoldingMaps/lib/libTUIO.jar:/Users/ruoyancai/Workspace/UCSDUnfoldingMaps/lib/unfolding.0.9.7-uscd.jar
Launcher Type: SUN_STANDARD

Environment Variables:
PATH=/usr/bin:/bin:/usr/sbin:/sbin
SHELL=/bin/bash

Signal Handlers:
SIGSEGV: [libjvm.dylib+0x5a68c5], sa_mask[0]=11111111011111110111111111111111, sa_flags=SA_ONSTACK|SA_RESTART|SA_SIGINFO
SIGBUS: [libjvm.dylib+0x5a68c5], sa_mask[0]=11111111011111110111111111111111, sa_flags=SA_RESTART|SA_SIGINFO
SIGFPE: [libjvm.dylib+0x4805d4], sa_mask[0]=11111111011111110111111111111111, sa_flags=SA_RESTART|SA_SIGINFO
SIGPIPE: [libjvm.dylib+0x4805d4], sa_mask[0]=11111111011111110111111111111111, sa_flags=SA_RESTART|SA_SIGINFO
SIGXFSZ: [libjvm.dylib+0x4805d4], sa_mask[0]=11111111011111110111111111111111, sa_flags=SA_RESTART|SA_SIGINFO
SIGILL: [libjvm.dylib+0x4805d4], sa_mask[0]=11111111011111110111111111111111, sa_flags=SA_RESTART|SA_SIGINFO
SIGUSR1: SIG_DFL, sa_mask[0]=00000000000000000000000000000000, sa_flags=none
SIGUSR2: [libjvm.dylib+0x4800f2], sa_mask[0]=00100000000000000000000000000000, sa_flags=SA_RESTART|SA_SIGINFO
SIGHUP: [libjvm.dylib+0x47e6c9], sa_mask[0]=11111111011111110111111111111111, sa_flags=SA_RESTART|SA_SIGINFO
SIGINT: [libjvm.dylib+0x47e6c9], sa_mask[0]=11111111011111110111111111111111, sa_flags=SA_RESTART|SA_SIGINFO
SIGTERM: [libjvm.dylib+0x47e6c9], sa_mask[0]=11111111011111110111111111111111, sa_flags=SA_RESTART|SA_SIGINFO
SIGQUIT: [libjvm.dylib+0x47e6c9], sa_mask[0]=11111111011111110111111111111111, sa_flags=SA_RESTART|SA_SIGINFO


---------------  S Y S T E M  ---------------

OS:Bsduname:Darwin 15.5.0 Darwin Kernel Version 15.5.0: Tue Apr 19 18:36:36 PDT 2016; root:xnu-3248.50.21~8/RELEASE_X86_64 x86_64
rlimit: STACK 8192k, CORE 0k, NPROC 709, NOFILE 10240, AS infinity
load average:2.53 2.29 2.40

CPU:total 4 (2 cores per cpu, 2 threads per core) family 6 model 61 stepping 4, cmov, cx8, fxsr, mmx, sse, sse2, sse3, ssse3, sse4.1, sse4.2, popcnt, avx, avx2, aes, clmul, erms, 3dnowpref, lzcnt, ht, tsc, tscinvbit, bmi1, bmi2, adx

Memory: 4k page, physical 8388608k(28476k free)

/proc/meminfo:


vm_info: Java HotSpot(TM) 64-Bit Server VM (25.71-b15) for bsd-amd64 JRE (1.8.0_71-b15), built on Dec 22 2015 15:11:44 by "java_re" with gcc 4.2.1 (Based on Apple Inc. build 5658) (LLVM build 2336.11.00)

time: Tue Jun  7 17:03:58 2016
elapsed time: 21 seconds (0d 0h 0m 21s)

