#
# A fatal error has been detected by the Java Runtime Environment:
#
#  SIGSEGV (0xb) at pc=0x00007fff909ec4dd, pid=17580, tid=2571
#
# JRE version: Java(TM) SE Runtime Environment (8.0_71-b15) (build 1.8.0_71-b15)
# Java VM: Java HotSpot(TM) 64-Bit Server VM (25.71-b15 mixed mode bsd-amd64 compressed oops)
# Problematic frame:
# C  [libobjc.A.dylib+0x14dd]  objc_msgSend+0x1d
#
# Failed to write core dump. Core dumps have been disabled. To enable core dumping, try "ulimit -c unlimited" before starting Java again
#
# If you would like to submit a bug report, please visit:
#   http://bugreport.java.com/bugreport/crash.jsp
# The crash happened outside the Java Virtual Machine in native code.
# See problematic frame for where to report the bug.
#

---------------  T H R E A D  ---------------

Current thread (0x00007fd67a912000):  JavaThread "AWT-AppKit" daemon [_thread_in_native, id=2571, stack(0x00007fff55636000,0x00007fff55e36000)]

siginfo: si_signo: 11 (SIGSEGV), si_code: 1 (SEGV_MAPERR), si_addr: 0x000007fd67d42dd8

Registers:
RAX=0x00007fd67d422710, RBX=0x000000017a791450, RCX=0x000000012480bfc0, RDX=0x000000012480be60
RSP=0x00007fff55e313c8, RBP=0x00007fff55e31480, RSI=0x00007fff909e3cde, RDI=0x00007fd67d4202a0
R8 =0x0000000000000000, R9 =0x00000000000008b0, R10=0x00007fff909e3cde, R11=0x000007fd67d42dc0
R12=0x0000000000000000, R13=0x0000000180d149b0, R14=0x000000017a791440, R15=0x00007fd67a912000
RIP=0x00007fff909ec4dd, EFLAGS=0x0000000000010206, ERR=0x0000000000000004
  TRAPNO=0x000000000000000e

Top of Stack: (sp=0x00007fff55e313c8)
0x00007fff55e313c8:   000000017a78f157 00007fff55e31420
0x00007fff55e313d8:   0000000000000003 00007fff55e31400
0x00007fff55e313e8:   000000010ab2bd66 0000000180d149b0
0x00007fff55e313f8:   0000000180d149b0 00007fd67d422710
0x00007fff55e31408:   000000017a7916a0 000000017a791710
0x00007fff55e31418:   00007fff70d7c770 00007fff71d2b500
0x00007fff55e31428:   000000017a791450 000000017a791690
0x00007fff55e31438:   00007fd67d422710 00007fd67d4202a0
0x00007fff55e31448:   00007fd678c4f690 00007fd67d422710
0x00007fff55e31458:   00007fd67d4202a0 00007fff55e31508
0x00007fff55e31468:   00007fd67a9121f8 0000000180d149b0
0x00007fff55e31478:   00007fff55e31530 00007fff55e314f8
0x00007fff55e31488:   000000010c215954 0000000180d149b0
0x00007fff55e31498:   00007fff55e31530 00007fff55e314f8
0x00007fff55e314a8:   000000010c2156e7 000000010c2156a2
0x00007fff55e314b8:   00007fff55e314b8 0000000180d149b0
0x00007fff55e314c8:   00007fff55e31530 0000000180d175e8
0x00007fff55e314d8:   0000000000000000 0000000180d149b0
0x00007fff55e314e8:   0000000000000000 00007fff55e31518
0x00007fff55e314f8:   00007fff55e31578 000000010c207c4d
0x00007fff55e31508:   0000000740086468 000000010c20f578
0x00007fff55e31518:   00007fd67d422710 00007fff55e31578
0x00007fff55e31528:   00007fd67d4202a0 000000010c210d82
0x00007fff55e31538:   00007fff55e31538 0000000180d14b7a
0x00007fff55e31548:   00007fff55e315a0 0000000180d175e8
0x00007fff55e31558:   0000000000000000 0000000180d14b88
0x00007fff55e31568:   00007fff55e31518 00007fff55e31588
0x00007fff55e31578:   00007fff55e315e8 000000010c207c4d
0x00007fff55e31588:   00007fd67d422710 0000000797d894c8
0x00007fff55e31598:   00007fd67d4202a0 0000000797d894c8
0x00007fff55e315a8:   00007fff55e315a8 0000000183ddfcae
0x00007fff55e315b8:   00007fff55e315f8 0000000183ddfd68 

Instructions: (pc=0x00007fff909ec4dd)
0x00007fff909ec4bd:   44 00 00 48 85 ff 2e 74 62 40 f6 c7 01 2e 75 66
0x00007fff909ec4cd:   49 bb f8 ff ff ff ff 7f 00 00 4c 23 1f 49 89 f2
0x00007fff909ec4dd:   45 23 53 18 49 c1 e2 04 4d 03 53 10 49 3b 32 75
0x00007fff909ec4ed:   04 41 ff 62 08 49 83 3a 01 76 0d 49 83 c2 10 49 

Register to memory mapping:

RAX=0x00007fd67d422710 is an unknown value
RBX=0x000000017a791450: Java_jogamp_nativewindow_macosx_OSXUtil_GetScreenRefreshRate0+0x1cf0 in /private/var/folders/bp/4r8fjq1s4h53mndl7lh4ynwc0000gn/T/jogamp_0000/file_cache/jln1156873252647658255/jln3295556551438920219/libnativewindow_macosx.jnilib at 0x000000017a78a000
RCX=0x000000012480bfc0 is an unknown value
RDX=0x000000012480be60 is an unknown value
RSP=0x00007fff55e313c8 is pointing into the stack for thread: 0x00007fd67a912000
RBP=0x00007fff55e31480 is pointing into the stack for thread: 0x00007fd67a912000
RSI=0x00007fff909e3cde is an unknown value
RDI=0x00007fd67d4202a0 is an unknown value
R8 =0x0000000000000000 is an unknown value
R9 =0x00000000000008b0 is an unknown value
R10=0x00007fff909e3cde is an unknown value
R11=0x000007fd67d42dc0 is an unknown value
R12=0x0000000000000000 is an unknown value
R13={method} {0x0000000180d149b0} 'UnsetJAWTRootSurfaceLayer0' '(JJ)V' in 'jogamp/nativewindow/jawt/macosx/MacOSXJAWTWindow'
R14=0x000000017a791440: Java_jogamp_nativewindow_macosx_OSXUtil_GetScreenRefreshRate0+0x1ce0 in /private/var/folders/bp/4r8fjq1s4h53mndl7lh4ynwc0000gn/T/jogamp_0000/file_cache/jln1156873252647658255/jln3295556551438920219/libnativewindow_macosx.jnilib at 0x000000017a78a000
R15=0x00007fd67a912000 is a thread


Stack: [0x00007fff55636000,0x00007fff55e36000],  sp=0x00007fff55e313c8,  free space=8172k
Native frames: (J=compiled Java code, j=interpreted, Vv=VM code, C=native code)
C  [libobjc.A.dylib+0x14dd]  objc_msgSend+0x1d
j  jogamp.nativewindow.jawt.macosx.MacOSXJAWTWindow.UnsetJAWTRootSurfaceLayer0(JJ)V+0
j  jogamp.nativewindow.jawt.macosx.MacOSXJAWTWindow.access$200(JJ)V+2
j  jogamp.nativewindow.jawt.macosx.MacOSXJAWTWindow$1.run()V+38
J 2412 C1 com.jogamp.common.util.RunnableTask.run()V (345 bytes) @ 0x000000010ca125d4 [0x000000010ca12440+0x194]
v  ~StubRoutines::call_stub
V  [libjvm.dylib+0x2ea59a]
V  [libjvm.dylib+0x3216a3]
V  [libjvm.dylib+0x313e77]
C  [libnativewindow_macosx.jnilib+0x5326]  Java_jogamp_nativewindow_jawt_macosx_MacOSXJAWTWindow_UnsetJAWTRootSurfaceLayer0+0x2b6
C  [Foundation+0x76fde]  __NSThreadPerformPerform+0x117
C  [CoreFoundation+0xaa881]  __CFRUNLOOP_IS_CALLING_OUT_TO_A_SOURCE0_PERFORM_FUNCTION__+0x11
C  [CoreFoundation+0x89fbc]  __CFRunLoopDoSources0+0x22c
C  [CoreFoundation+0x894df]  __CFRunLoopRun+0x39f
C  [CoreFoundation+0x88ed8]  CFRunLoopRunSpecific+0x128
C  [HIToolbox+0x30935]  RunCurrentEventLoopInMode+0xeb
C  [HIToolbox+0x30677]  ReceiveNextEventCommon+0xb8
C  [HIToolbox+0x305af]  _BlockUntilNextEventMatchingListInModeWithFilter+0x47
C  [AppKit+0x48df6]  _DPSNextEvent+0x42b
C  [AppKit+0x48226]  -[NSApplication _nextEventMatchingEventMask:untilDate:inMode:dequeue:]+0x1c6
C  [libosxapp.dylib+0x23aa]  -[NSApplicationAWT nextEventMatchingMask:untilDate:inMode:dequeue:]+0x7c
C  [AppKit+0x3cd80]  -[NSApplication run]+0x2aa
C  [libosxapp.dylib+0x214d]  +[NSApplicationAWT runAWTLoopWithApp:]+0x9c
C  [libawt_lwawt.dylib+0x4455b]  -[AWTStarter starter:]+0x389
C  [Foundation+0x76fde]  __NSThreadPerformPerform+0x117
C  [CoreFoundation+0xaa881]  __CFRUNLOOP_IS_CALLING_OUT_TO_A_SOURCE0_PERFORM_FUNCTION__+0x11
C  [CoreFoundation+0x89fbc]  __CFRunLoopDoSources0+0x22c
C  [CoreFoundation+0x894df]  __CFRunLoopRun+0x39f
C  [CoreFoundation+0x88ed8]  CFRunLoopRunSpecific+0x128
C  [java+0x6463]  CreateExecutionEnvironment+0x367
C  [java+0x21ac]  JLI_Launch+0x7a0
C  [java+0x84c0]  main+0x65
C  [java+0x1a04]  start+0x34
C  0x0000000000000007

Java frames: (J=compiled Java code, j=interpreted, Vv=VM code)
j  jogamp.nativewindow.jawt.macosx.MacOSXJAWTWindow.UnsetJAWTRootSurfaceLayer0(JJ)V+0
j  jogamp.nativewindow.jawt.macosx.MacOSXJAWTWindow.access$200(JJ)V+2
j  jogamp.nativewindow.jawt.macosx.MacOSXJAWTWindow$1.run()V+38
J 2412 C1 com.jogamp.common.util.RunnableTask.run()V (345 bytes) @ 0x000000010ca125d4 [0x000000010ca12440+0x194]
v  ~StubRoutines::call_stub

---------------  P R O C E S S  ---------------

Java Threads: ( => current thread )
  0x00007fd6797de800 JavaThread "Thread-18" [_thread_blocked, id=70947, stack(0x0000700002080000,0x0000700002180000)]
  0x00007fd67a0ce800 JavaThread "Thread-17" [_thread_in_native, id=67087, stack(0x0000700001a6e000,0x0000700001b6e000)]
  0x00007fd67e95c800 JavaThread "Thread-16" [_thread_in_native, id=65739, stack(0x0000700001b71000,0x0000700001c71000)]
  0x00007fd67a41d800 JavaThread "Thread-15" [_thread_in_native, id=67059, stack(0x000070000196b000,0x0000700001a6b000)]
  0x00007fd6790bb800 JavaThread "Thread-14" [_thread_in_native, id=67851, stack(0x0000700001c74000,0x0000700001d74000)]
  0x00007fd67a41d000 JavaThread "Image Fetcher 1" daemon [_thread_blocked, id=67711, stack(0x0000700001f7d000,0x000070000207d000)]
  0x00007fd67f001000 JavaThread "Image Fetcher 0" daemon [_thread_blocked, id=70147, stack(0x0000700001e7a000,0x0000700001f7a000)]
  0x00007fd67e053000 JavaThread "Keep-Alive-Timer" daemon [_thread_blocked, id=69871, stack(0x0000700001d77000,0x0000700001e77000)]
  0x00007fd67a152800 JavaThread "AWT-EventQueue-1" [_thread_in_native, id=63279, stack(0x00007000017e5000,0x00007000018e5000)]
  0x00007fd67992f800 JavaThread "DestroyJavaVM" [_thread_blocked, id=5891, stack(0x000070000011a000,0x000070000021a000)]
  0x00007fd67a9f8800 JavaThread "AWT-EventQueue-0" [_thread_blocked, id=56071, stack(0x00007000015df000,0x00007000016df000)]
  0x00007fd679236800 JavaThread "Java2D Disposer" daemon [_thread_blocked, id=52235, stack(0x0000700001356000,0x0000700001456000)]
  0x00007fd67a974800 JavaThread "Java2D Queue Flusher" daemon [_thread_blocked, id=49159, stack(0x0000700001253000,0x0000700001353000)]
  0x00007fd67a91e800 JavaThread "AWT-Shutdown" [_thread_blocked, id=28947, stack(0x00007000010cd000,0x00007000011cd000)]
=>0x00007fd67a912000 JavaThread "AWT-AppKit" daemon [_thread_in_native, id=2571, stack(0x00007fff55636000,0x00007fff55e36000)]
  0x00007fd67a855000 JavaThread "Service Thread" daemon [_thread_blocked, id=18435, stack(0x0000700000dc1000,0x0000700000ec1000)]
  0x00007fd67a834800 JavaThread "C1 CompilerThread2" daemon [_thread_blocked, id=17923, stack(0x0000700000cbe000,0x0000700000dbe000)]
  0x00007fd67a833800 JavaThread "C2 CompilerThread1" daemon [_thread_in_native, id=17411, stack(0x0000700000bbb000,0x0000700000cbb000)]
  0x00007fd67a030800 JavaThread "C2 CompilerThread0" daemon [_thread_in_native, id=16899, stack(0x0000700000ab8000,0x0000700000bb8000)]
  0x00007fd67a030000 JavaThread "Signal Dispatcher" daemon [_thread_blocked, id=13839, stack(0x00007000009b5000,0x0000700000ab5000)]
  0x00007fd67a02d000 JavaThread "Finalizer" daemon [_thread_blocked, id=12291, stack(0x000070000082f000,0x000070000092f000)]
  0x00007fd67a000800 JavaThread "Reference Handler" daemon [_thread_blocked, id=11779, stack(0x000070000072c000,0x000070000082c000)]

Other Threads:
  0x00007fd67a82a800 VMThread [stack: 0x0000700000629000,0x0000700000729000] [id=11267]
  0x00007fd67a856000 WatcherThread [stack: 0x0000700000ec4000,0x0000700000fc4000] [id=18947]

VM state:not at safepoint (normal execution)

VM Mutex/Monitor currently owned by a thread: None

Heap:
 PSYoungGen      total 38400K, used 21720K [0x0000000795580000, 0x0000000798000000, 0x00000007c0000000)
  eden space 33280K, 49% used [0x0000000795580000,0x00000007965b6cc0,0x0000000797600000)
  from space 5120K, 99% used [0x0000000797b00000,0x0000000797fff460,0x0000000798000000)
  to   space 5120K, 0% used [0x0000000797600000,0x0000000797600000,0x0000000797b00000)
 ParOldGen       total 87552K, used 10249K [0x0000000740000000, 0x0000000745580000, 0x0000000795580000)
  object space 87552K, 11% used [0x0000000740000000,0x0000000740a02710,0x0000000745580000)
 Metaspace       used 20792K, capacity 21015K, committed 21120K, reserved 1069056K
  class space    used 2046K, capacity 2112K, committed 2176K, reserved 1048576K

Card table byte_map: [0x000000011b5c0000,0x000000011b9c1000] byte_map_base: 0x0000000117bc0000

Marking Bits: (ParMarkBitMap*) 0x000000010b21eea0
 Begin Bits: [0x000000011bc6c000, 0x000000011dc6c000)
 End Bits:   [0x000000011dc6c000, 0x000000011fc6c000)

Polling page: 0x000000010a68b000

CodeCache: size=245760Kb used=7412Kb max_used=8261Kb free=238347Kb
 bounds [0x000000010c200000, 0x000000010ca20000, 0x000000011b200000]
 total_blobs=3107 nmethods=2219 adapters=801
 compilation: enabled

Compilation events (10 events):
Event: 9.765 Thread 0x00007fd67a834800 nmethod 2460 0x000000010c391550 code [0x000000010c3916e0, 0x000000010c391ab8]
Event: 9.765 Thread 0x00007fd67a834800 2461       3       java.nio.ByteBuffer::order (17 bytes)
Event: 9.765 Thread 0x00007fd67a834800 nmethod 2461 0x000000010c4c0cd0 code [0x000000010c4c0e40, 0x000000010c4c1010]
Event: 9.765 Thread 0x00007fd67a834800 2462       3       com.jogamp.nativewindow.awt.JAWTWindow::updateLockedData (205 bytes)
Event: 9.767 Thread 0x00007fd67a834800 nmethod 2462 0x000000010c5cf690 code [0x000000010c5cfa20, 0x000000010c5d1718]
Event: 9.767 Thread 0x00007fd67a834800 2463       3       com.jogamp.nativewindow.awt.JAWTWindow::updatePixelScale (37 bytes)
Event: 9.767 Thread 0x00007fd67a834800 nmethod 2463 0x000000010c650190 code [0x000000010c650300, 0x000000010c6504c8]
Event: 9.772 Thread 0x00007fd67a834800 2468       3       javax.media.nativewindow.DefaultGraphicsDevice::lock (10 bytes)
Event: 9.772 Thread 0x00007fd67a834800 nmethod 2468 0x000000010c322310 code [0x000000010c322480, 0x000000010c3226a8]
Event: 9.772 Thread 0x00007fd67a833800 nmethod 2464 0x000000010c68ff90 code [0x000000010c690100, 0x000000010c6908d8]

GC Heap History (8 events):
Event: 2.014 GC heap before
{Heap before GC invocations=1 (full 0):
 PSYoungGen      total 38400K, used 33280K [0x0000000795580000, 0x0000000798000000, 0x00000007c0000000)
  eden space 33280K, 100% used [0x0000000795580000,0x0000000797600000,0x0000000797600000)
  from space 5120K, 0% used [0x0000000797b00000,0x0000000797b00000,0x0000000798000000)
  to   space 5120K, 0% used [0x0000000797600000,0x0000000797600000,0x0000000797b00000)
 ParOldGen       total 87552K, used 0K [0x0000000740000000, 0x0000000745580000, 0x0000000795580000)
  object space 87552K, 0% used [0x0000000740000000,0x0000000740000000,0x0000000745580000)
 Metaspace       used 15658K, capacity 15861K, committed 16000K, reserved 1062912K
  class space    used 1587K, capacity 1659K, committed 1664K, reserved 1048576K
Event: 2.020 GC heap after
Heap after GC invocations=1 (full 0):
 PSYoungGen      total 38400K, used 4851K [0x0000000795580000, 0x0000000798000000, 0x00000007c0000000)
  eden space 33280K, 0% used [0x0000000795580000,0x0000000795580000,0x0000000797600000)
  from space 5120K, 94% used [0x0000000797600000,0x0000000797abcda8,0x0000000797b00000)
  to   space 5120K, 0% used [0x0000000797b00000,0x0000000797b00000,0x0000000798000000)
 ParOldGen       total 87552K, used 16K [0x0000000740000000, 0x0000000745580000, 0x0000000795580000)
  object space 87552K, 0% used [0x0000000740000000,0x0000000740004000,0x0000000745580000)
 Metaspace       used 15658K, capacity 15861K, committed 16000K, reserved 1062912K
  class space    used 1587K, capacity 1659K, committed 1664K, reserved 1048576K
}
Event: 3.102 GC heap before
{Heap before GC invocations=2 (full 0):
 PSYoungGen      total 38400K, used 38131K [0x0000000795580000, 0x0000000798000000, 0x00000007c0000000)
  eden space 33280K, 100% used [0x0000000795580000,0x0000000797600000,0x0000000797600000)
  from space 5120K, 94% used [0x0000000797600000,0x0000000797abcda8,0x0000000797b00000)
  to   space 5120K, 0% used [0x0000000797b00000,0x0000000797b00000,0x0000000798000000)
 ParOldGen       total 87552K, used 16K [0x0000000740000000, 0x0000000745580000, 0x0000000795580000)
  object space 87552K, 0% used [0x0000000740000000,0x0000000740004000,0x0000000745580000)
 Metaspace       used 19632K, capacity 19851K, committed 19968K, reserved 1067008K
  class space    used 1994K, capacity 2046K, committed 2048K, reserved 1048576K
Event: 3.126 GC heap after
Heap after GC invocations=2 (full 0):
 PSYoungGen      total 38400K, used 5117K [0x0000000795580000, 0x000000079a080000, 0x00000007c0000000)
  eden space 33280K, 0% used [0x0000000795580000,0x0000000795580000,0x0000000797600000)
  from space 5120K, 99% used [0x0000000797b00000,0x0000000797fff470,0x0000000798000000)
  to   space 5120K, 0% used [0x0000000797600000,0x0000000797600000,0x0000000797b00000)
 ParOldGen       total 87552K, used 7724K [0x0000000740000000, 0x0000000745580000, 0x0000000795580000)
  object space 87552K, 8% used [0x0000000740000000,0x000000074078b0f8,0x0000000745580000)
 Metaspace       used 19632K, capacity 19851K, committed 19968K, reserved 1067008K
  class space    used 1994K, capacity 2046K, committed 2048K, reserved 1048576K
}
Event: 5.925 GC heap before
{Heap before GC invocations=3 (full 0):
 PSYoungGen      total 38400K, used 38397K [0x0000000795580000, 0x000000079a080000, 0x00000007c0000000)
  eden space 33280K, 100% used [0x0000000795580000,0x0000000797600000,0x0000000797600000)
  from space 5120K, 99% used [0x0000000797b00000,0x0000000797fff470,0x0000000798000000)
  to   space 5120K, 0% used [0x0000000797600000,0x0000000797600000,0x0000000797b00000)
 ParOldGen       total 87552K, used 7724K [0x0000000740000000, 0x0000000745580000, 0x0000000795580000)
  object space 87552K, 8% used [0x0000000740000000,0x000000074078b0f8,0x0000000745580000)
 Metaspace       used 20532K, capacity 20759K, committed 20864K, reserved 1069056K
  class space    used 2038K, capacity 2112K, committed 2176K, reserved 1048576K
Event: 5.932 GC heap after
Heap after GC invocations=3 (full 0):
 PSYoungGen      total 38400K, used 5117K [0x0000000795580000, 0x0000000798000000, 0x00000007c0000000)
  eden space 33280K, 0% used [0x0000000795580000,0x0000000795580000,0x0000000797600000)
  from space 5120K, 99% used [0x0000000797600000,0x0000000797aff4a0,0x0000000797b00000)
  to   space 5120K, 0% used [0x0000000797b00000,0x0000000797b00000,0x0000000798000000)
 ParOldGen       total 87552K, used 8459K [0x0000000740000000, 0x0000000745580000, 0x0000000795580000)
  object space 87552K, 9% used [0x0000000740000000,0x0000000740842c20,0x0000000745580000)
 Metaspace       used 20532K, capacity 20759K, committed 20864K, reserved 1069056K
  class space    used 2038K, capacity 2112K, committed 2176K, reserved 1048576K
}
Event: 8.496 GC heap before
{Heap before GC invocations=4 (full 0):
 PSYoungGen      total 38400K, used 38216K [0x0000000795580000, 0x0000000798000000, 0x00000007c0000000)
  eden space 33280K, 99% used [0x0000000795580000,0x00000007975d2ba0,0x0000000797600000)
  from space 5120K, 99% used [0x0000000797600000,0x0000000797aff4a0,0x0000000797b00000)
  to   space 5120K, 0% used [0x0000000797b00000,0x0000000797b00000,0x0000000798000000)
 ParOldGen       total 87552K, used 8459K [0x0000000740000000, 0x0000000745580000, 0x0000000795580000)
  object space 87552K, 9% used [0x0000000740000000,0x0000000740842c20,0x0000000745580000)
 Metaspace       used 20737K, capacity 20887K, committed 21120K, reserved 1069056K
  class space    used 2038K, capacity 2112K, committed 2176K, reserved 1048576K
Event: 8.504 GC heap after
Heap after GC invocations=4 (full 0):
 PSYoungGen      total 38400K, used 5117K [0x0000000795580000, 0x0000000798000000, 0x00000007c0000000)
  eden space 33280K, 0% used [0x0000000795580000,0x0000000795580000,0x0000000797600000)
  from space 5120K, 99% used [0x0000000797b00000,0x0000000797fff460,0x0000000798000000)
  to   space 5120K, 0% used [0x0000000797600000,0x0000000797600000,0x0000000797b00000)
 ParOldGen       total 87552K, used 10249K [0x0000000740000000, 0x0000000745580000, 0x0000000795580000)
  object space 87552K, 11% used [0x0000000740000000,0x0000000740a02710,0x0000000745580000)
 Metaspace       used 20737K, capacity 20887K, committed 21120K, reserved 1069056K
  class space    used 2038K, capacity 2112K, committed 2176K, reserved 1048576K
}

Deoptimization events (10 events):
Event: 3.059 Thread 0x00007fd67a152800 Uncommon trap: reason=unstable_if action=reinterpret pc=0x000000010c67143c method=com.jogamp.common.util.IntIntHashMap.get(I)I @ 28
Event: 3.087 Thread 0x00007fd67a152800 Uncommon trap: reason=unstable_if action=reinterpret pc=0x000000010c5e6c50 method=java.lang.String.trim()Ljava/lang/String; @ 23
Event: 3.902 Thread 0x00007fd679d7e000 Uncommon trap: reason=unstable_if action=reinterpret pc=0x000000010c5d6fc4 method=java.lang.String.regionMatches(ZILjava/lang/String;II)Z @ 123
Event: 5.529 Thread 0x00007fd679bf5000 Uncommon trap: reason=unstable_if action=reinterpret pc=0x000000010c8aacfc method=java.util.Vector.indexOf(Ljava/lang/Object;I)I @ 41
Event: 7.011 Thread 0x00007fd67a152800 Uncommon trap: reason=unstable_if action=reinterpret pc=0x000000010c97a6f0 method=java.util.WeakHashMap.get(Ljava/lang/Object;)Ljava/lang/Object; @ 44
Event: 9.214 Thread 0x00007fd67a152800 Uncommon trap: reason=unstable_if action=reinterpret pc=0x000000010c80b268 method=processing.opengl.PGraphicsOpenGL$TessGeometry.polyIndexCheck(I)V @ 13
Event: 9.734 Thread 0x00007fd67a9f8800 Uncommon trap: reason=unstable_if action=reinterpret pc=0x000000010c872610 method=java.awt.font.FontRenderContext.equals(Ljava/awt/font/FontRenderContext;)Z @ 2
Event: 9.760 Thread 0x00007fd679914800 Uncommon trap: reason=unstable_if action=reinterpret pc=0x000000010c6c4348 method=java.util.HashMap.putVal(ILjava/lang/Object;Ljava/lang/Object;ZZ)Ljava/lang/Object; @ 81
Event: 9.760 Thread 0x00007fd679914800 Uncommon trap: reason=unstable_if action=reinterpret pc=0x000000010c6b987c method=java.util.HashMap.putVal(ILjava/lang/Object;Ljava/lang/Object;ZZ)Ljava/lang/Object; @ 81
Event: 9.761 Thread 0x00007fd67a9f8800 Uncommon trap: reason=unstable_if action=reinterpret pc=0x000000010c83a278 method=java.awt.font.FontRenderContext.equals(Ljava/awt/font/FontRenderContext;)Z @ 2

Internal exceptions (10 events):
Event: 0.152 Thread 0x00007fd67a002000 Exception <a 'java/lang/NoSuchFieldError': method resolution failed> (0x0000000795879e28) thrown at [/Users/java_re/workspace/8-2-build-macosx-x86_64/jdk8u71/5731/hotspot/src/share/vm/prims/methodHandles.cpp, line 1146]
Event: 0.153 Thread 0x00007fd67a002000 Exception <a 'java/lang/NoSuchFieldError': method resolution failed> (0x00000007958875f8) thrown at [/Users/java_re/workspace/8-2-build-macosx-x86_64/jdk8u71/5731/hotspot/src/share/vm/prims/methodHandles.cpp, line 1146]
Event: 0.335 Thread 0x00007fd67a002000 Exception <a 'java/io/FileNotFoundException'> (0x0000000795903498) thrown at [/Users/java_re/workspace/8-2-build-macosx-x86_64/jdk8u71/5731/hotspot/src/share/vm/prims/jni.cpp, line 709]
Event: 0.335 Thread 0x00007fd67a002000 Exception <a 'java/io/FileNotFoundException'> (0x0000000795904000) thrown at [/Users/java_re/workspace/8-2-build-macosx-x86_64/jdk8u71/5731/hotspot/src/share/vm/prims/jni.cpp, line 709]
Event: 0.436 Thread 0x00007fd67a002000 Exception <a 'java/io/FileNotFoundException'> (0x0000000795ae8a90) thrown at [/Users/java_re/workspace/8-2-build-macosx-x86_64/jdk8u71/5731/hotspot/src/share/vm/prims/jni.cpp, line 709]
Event: 1.795 Thread 0x00007fd67aae8800 Exception <a 'java/lang/UnsatisfiedLinkError': com.jogamp.common.util.JarUtil.fixNativeLibAttribs(Ljava/lang/String;)Z> (0x0000000796c20988) thrown at [/Users/java_re/workspace/8-2-build-macosx-x86_64/jdk8u71/5731/hotspot/src/share/vm/prims/nativeLookup.c
Event: 2.022 Thread 0x00007fd67a02d000 Exception <a 'java/lang/NullPointerException'> (0x00000007956a2f20) thrown at [/Users/java_re/workspace/8-2-build-macosx-x86_64/jdk8u71/5731/hotspot/src/share/vm/interpreter/linkResolver.cpp, line 1178]
Event: 2.636 Thread 0x00007fd67a152800 Exception <a 'java/io/FileNotFoundException'> (0x0000000796070350) thrown at [/Users/java_re/workspace/8-2-build-macosx-x86_64/jdk8u71/5731/hotspot/src/share/vm/prims/jni.cpp, line 709]
Event: 2.636 Thread 0x00007fd67a152800 Exception <a 'java/io/FileNotFoundException'> (0x00000007960774c0) thrown at [/Users/java_re/workspace/8-2-build-macosx-x86_64/jdk8u71/5731/hotspot/src/share/vm/prims/jni.cpp, line 709]
Event: 2.636 Thread 0x00007fd67a152800 Implicit null exception at 0x000000010c3a8f75 to 0x000000010c3a92d9

Events (10 events):
Event: 9.771 loading class com/jogamp/nativewindow/awt/JAWTWindow$JAWTComponentListener$2 done
Event: 9.772 loading class jogamp/nativewindow/jawt/macosx/MacOSXJAWTWindow$1
Event: 9.772 loading class jogamp/nativewindow/jawt/macosx/MacOSXJAWTWindow$1 done
Event: 9.774 loading class java/awt/LightweightDispatcher$2
Event: 9.774 loading class java/awt/LightweightDispatcher$2 done
Event: 9.774 loading class java/awt/event/AWTEventListenerProxy
Event: 9.774 loading class java/awt/event/AWTEventListenerProxy done
Event: 9.774 loading class java/awt/Toolkit$ToolkitEventMulticaster
Event: 9.774 loading class java/awt/Toolkit$ToolkitEventMulticaster done
Event: 9.774 Thread 0x00007fd679914800 Thread exited: 0x00007fd679914800


Dynamic libraries:
0x00000000004ae000 	/System/Library/Frameworks/Cocoa.framework/Versions/A/Cocoa
0x0000000109de5000 	/System/Library/Frameworks/Security.framework/Versions/A/Security
0x00000000004ae000 	/System/Library/Frameworks/ApplicationServices.framework/Versions/A/ApplicationServices
0x00000000004ae000 	/usr/lib/libz.1.dylib
0x00000000004ae000 	/usr/lib/libSystem.B.dylib
0x00000000004ae000 	/usr/lib/libobjc.A.dylib
0x00000000004ae000 	/System/Library/Frameworks/CoreFoundation.framework/Versions/A/CoreFoundation
0x00000000004ae000 	/System/Library/Frameworks/Foundation.framework/Versions/C/Foundation
0x00000000004ae000 	/System/Library/Frameworks/AppKit.framework/Versions/C/AppKit
0x00000000004ae000 	/System/Library/Frameworks/CoreData.framework/Versions/A/CoreData
0x00000000004ae000 	/System/Library/PrivateFrameworks/RemoteViewServices.framework/Versions/A/RemoteViewServices
0x00000000004ae000 	/System/Library/PrivateFrameworks/UIFoundation.framework/Versions/A/UIFoundation
0x00000000004ae000 	/usr/lib/libScreenReader.dylib
0x00000000004ae000 	/System/Library/Frameworks/Accelerate.framework/Versions/A/Accelerate
0x00000000004ae000 	/System/Library/Frameworks/IOSurface.framework/Versions/A/IOSurface
0x00000000004ae000 	/System/Library/Frameworks/AudioToolbox.framework/Versions/A/AudioToolbox
0x00000000004ae000 	/System/Library/Frameworks/AudioUnit.framework/Versions/A/AudioUnit
0x00000000004ae000 	/System/Library/PrivateFrameworks/DataDetectorsCore.framework/Versions/A/DataDetectorsCore
0x00000000004ae000 	/System/Library/PrivateFrameworks/DesktopServicesPriv.framework/Versions/A/DesktopServicesPriv
0x00000000004ae000 	/System/Library/Frameworks/Carbon.framework/Versions/A/Frameworks/HIToolbox.framework/Versions/A/HIToolbox
0x00000000004ae000 	/System/Library/Frameworks/QuartzCore.framework/Versions/A/QuartzCore
0x00000000004ae000 	/System/Library/Frameworks/Carbon.framework/Versions/A/Frameworks/SpeechRecognition.framework/Versions/A/SpeechRecognition
0x00000000004ae000 	/usr/lib/libauto.dylib
0x00000000004ae000 	/usr/lib/libicucore.A.dylib
0x00000000004ae000 	/usr/lib/libxml2.2.dylib
0x00000000004ae000 	/System/Library/PrivateFrameworks/CoreUI.framework/Versions/A/CoreUI
0x00000000004ae000 	/System/Library/Frameworks/CoreAudio.framework/Versions/A/CoreAudio
0x00000000004ae000 	/System/Library/Frameworks/DiskArbitration.framework/Versions/A/DiskArbitration
0x00000000004ae000 	/usr/lib/liblangid.dylib
0x00000000004ae000 	/System/Library/PrivateFrameworks/MultitouchSupport.framework/Versions/A/MultitouchSupport
0x00000000004ae000 	/System/Library/Frameworks/IOKit.framework/Versions/A/IOKit
0x00000000004ae000 	/usr/lib/libDiagnosticMessagesClient.dylib
0x00000000004ae000 	/System/Library/Frameworks/CoreServices.framework/Versions/A/CoreServices
0x00000000004ae000 	/System/Library/PrivateFrameworks/PerformanceAnalysis.framework/Versions/A/PerformanceAnalysis
0x00000000004ae000 	/System/Library/PrivateFrameworks/GenerationalStorage.framework/Versions/A/GenerationalStorage
0x00000000004ae000 	/System/Library/Frameworks/OpenGL.framework/Versions/A/OpenGL
0x00000000004ae000 	/System/Library/PrivateFrameworks/Sharing.framework/Versions/A/Sharing
0x00000000004ae000 	/System/Library/Frameworks/CoreGraphics.framework/Versions/A/CoreGraphics
0x00000000004ae000 	/System/Library/Frameworks/CoreImage.framework/Versions/A/CoreImage
0x00000000004ae000 	/System/Library/Frameworks/CoreText.framework/Versions/A/CoreText
0x00000000004ae000 	/System/Library/Frameworks/ImageIO.framework/Versions/A/ImageIO
0x00000000004ae000 	/System/Library/PrivateFrameworks/Backup.framework/Versions/A/Backup
0x00000000004ae000 	/usr/lib/libextension.dylib
0x00000000004ae000 	/usr/lib/libarchive.2.dylib
0x000000010a204000 	/System/Library/Frameworks/CFNetwork.framework/Versions/A/CFNetwork
0x00000000004ae000 	/System/Library/Frameworks/SystemConfiguration.framework/Versions/A/SystemConfiguration
0x00000000004ae000 	/usr/lib/libCRFSuite.dylib
0x00000000004ae000 	/usr/lib/libc++.1.dylib
0x00000000004ae000 	/usr/lib/libc++abi.dylib
0x00000000004ae000 	/usr/lib/system/libcache.dylib
0x00000000004ae000 	/usr/lib/system/libcommonCrypto.dylib
0x00000000004ae000 	/usr/lib/system/libcompiler_rt.dylib
0x00000000004ae000 	/usr/lib/system/libcopyfile.dylib
0x00000000004ae000 	/usr/lib/system/libcorecrypto.dylib
0x00000000004ae000 	/usr/lib/system/libdispatch.dylib
0x00000000004ae000 	/usr/lib/system/libdyld.dylib
0x00000000004ae000 	/usr/lib/system/libkeymgr.dylib
0x000000010a676000 	/usr/lib/system/liblaunch.dylib
0x00000000004ae000 	/usr/lib/system/libmacho.dylib
0x00000000004ae000 	/usr/lib/system/libquarantine.dylib
0x00000000004ae000 	/usr/lib/system/libremovefile.dylib
0x00000000004ae000 	/usr/lib/system/libsystem_asl.dylib
0x00000000004ae000 	/usr/lib/system/libsystem_blocks.dylib
0x00000000004ae000 	/usr/lib/system/libsystem_c.dylib
0x00000000004ae000 	/usr/lib/system/libsystem_configuration.dylib
0x00000000004ae000 	/usr/lib/system/libsystem_coreservices.dylib
0x00000000004ae000 	/usr/lib/system/libsystem_coretls.dylib
0x00000000004ae000 	/usr/lib/system/libsystem_dnssd.dylib
0x00000000004ae000 	/usr/lib/system/libsystem_info.dylib
0x00000000004ae000 	/usr/lib/system/libsystem_kernel.dylib
0x00000000004ae000 	/usr/lib/system/libsystem_m.dylib
0x00000000004ae000 	/usr/lib/system/libsystem_malloc.dylib
0x00000000004ae000 	/usr/lib/system/libsystem_network.dylib
0x00000000004ae000 	/usr/lib/system/libsystem_networkextension.dylib
0x00000000004ae000 	/usr/lib/system/libsystem_notify.dylib
0x00000000004ae000 	/usr/lib/system/libsystem_platform.dylib
0x00000000004ae000 	/usr/lib/system/libsystem_pthread.dylib
0x000000010a67d000 	/usr/lib/system/libsystem_sandbox.dylib
0x00000000004ae000 	/usr/lib/system/libsystem_secinit.dylib
0x00000000004ae000 	/usr/lib/system/libsystem_trace.dylib
0x00000000004ae000 	/usr/lib/system/libunc.dylib
0x00000000004ae000 	/usr/lib/system/libunwind.dylib
0x000000010a68c000 	/usr/lib/system/libxpc.dylib
0x00000000004ae000 	/usr/lib/libenergytrace.dylib
0x00000000004ae000 	/usr/lib/libbsm.0.dylib
0x00000000004ae000 	/usr/lib/system/libkxld.dylib
0x00000000004ae000 	/usr/lib/libxar.1.dylib
0x00000000004ae000 	/usr/lib/libsqlite3.dylib
0x00000000004ae000 	/usr/lib/libpam.2.dylib
0x00000000004ae000 	/usr/lib/libOpenScriptingUtil.dylib
0x00000000004ae000 	/usr/lib/libbz2.1.0.dylib
0x00000000004ae000 	/usr/lib/liblzma.5.dylib
0x00000000004ae000 	/System/Library/Frameworks/CoreServices.framework/Versions/A/Frameworks/FSEvents.framework/Versions/A/FSEvents
0x00000000004ae000 	/System/Library/Frameworks/CoreServices.framework/Versions/A/Frameworks/CarbonCore.framework/Versions/A/CarbonCore
0x00000000004ae000 	/System/Library/Frameworks/CoreServices.framework/Versions/A/Frameworks/Metadata.framework/Versions/A/Metadata
0x00000000004ae000 	/System/Library/Frameworks/CoreServices.framework/Versions/A/Frameworks/OSServices.framework/Versions/A/OSServices
0x00000000004ae000 	/System/Library/Frameworks/CoreServices.framework/Versions/A/Frameworks/SearchKit.framework/Versions/A/SearchKit
0x00000000004ae000 	/System/Library/Frameworks/CoreServices.framework/Versions/A/Frameworks/AE.framework/Versions/A/AE
0x00000000004ae000 	/System/Library/Frameworks/CoreServices.framework/Versions/A/Frameworks/LaunchServices.framework/Versions/A/LaunchServices
0x00000000004ae000 	/System/Library/Frameworks/CoreServices.framework/Versions/A/Frameworks/DictionaryServices.framework/Versions/A/DictionaryServices
0x00000000004ae000 	/System/Library/Frameworks/CoreServices.framework/Versions/A/Frameworks/SharedFileList.framework/Versions/A/SharedFileList
0x00000000004ae000 	/System/Library/Frameworks/NetFS.framework/Versions/A/NetFS
0x00000000004ae000 	/System/Library/PrivateFrameworks/NetAuth.framework/Versions/A/NetAuth
0x00000000004ae000 	/System/Library/PrivateFrameworks/login.framework/Versions/A/Frameworks/loginsupport.framework/Versions/A/loginsupport
0x00000000004ae000 	/System/Library/PrivateFrameworks/TCC.framework/Versions/A/TCC
0x00000000004ae000 	/usr/lib/libmecabra.dylib
0x00000000004ae000 	/System/Library/Frameworks/ApplicationServices.framework/Versions/A/Frameworks/ATS.framework/Versions/A/ATS
0x00000000004ae000 	/System/Library/Frameworks/ApplicationServices.framework/Versions/A/Frameworks/ColorSync.framework/Versions/A/ColorSync
0x00000000004ae000 	/System/Library/Frameworks/ApplicationServices.framework/Versions/A/Frameworks/HIServices.framework/Versions/A/HIServices
0x00000000004ae000 	/System/Library/Frameworks/ApplicationServices.framework/Versions/A/Frameworks/LangAnalysis.framework/Versions/A/LangAnalysis
0x00000000004ae000 	/System/Library/Frameworks/ApplicationServices.framework/Versions/A/Frameworks/PrintCore.framework/Versions/A/PrintCore
0x00000000004ae000 	/System/Library/Frameworks/ApplicationServices.framework/Versions/A/Frameworks/QD.framework/Versions/A/QD
0x00000000004ae000 	/System/Library/Frameworks/ApplicationServices.framework/Versions/A/Frameworks/SpeechSynthesis.framework/Versions/A/SpeechSynthesis
0x00000000004ae000 	/System/Library/Frameworks/Metal.framework/Versions/A/Metal
0x00000000004ae000 	/System/Library/Frameworks/Accelerate.framework/Versions/A/Frameworks/vImage.framework/Versions/A/vImage
0x00000000004ae000 	/System/Library/Frameworks/Accelerate.framework/Versions/A/Frameworks/vecLib.framework/Versions/A/vecLib
0x00000000004ae000 	/System/Library/Frameworks/Accelerate.framework/Versions/A/Frameworks/vecLib.framework/Versions/A/libvDSP.dylib
0x00000000004ae000 	/System/Library/Frameworks/Accelerate.framework/Versions/A/Frameworks/vecLib.framework/Versions/A/libvMisc.dylib
0x00000000004ae000 	/System/Library/Frameworks/Accelerate.framework/Versions/A/Frameworks/vecLib.framework/Versions/A/libLAPACK.dylib
0x00000000004ae000 	/System/Library/Frameworks/Accelerate.framework/Versions/A/Frameworks/vecLib.framework/Versions/A/libBLAS.dylib
0x00000000004ae000 	/System/Library/Frameworks/Accelerate.framework/Versions/A/Frameworks/vecLib.framework/Versions/A/libLinearAlgebra.dylib
0x00000000004ae000 	/System/Library/Frameworks/Accelerate.framework/Versions/A/Frameworks/vecLib.framework/Versions/A/libSparseBLAS.dylib
0x00000000004ae000 	/System/Library/PrivateFrameworks/GPUCompiler.framework/libmetal_timestamp.dylib
0x00000000004ae000 	/System/Library/Frameworks/OpenGL.framework/Versions/A/Libraries/libCoreFSCache.dylib
0x00000000004ae000 	/System/Library/PrivateFrameworks/IOAccelerator.framework/Versions/A/IOAccelerator
0x00000000004ae000 	/System/Library/Frameworks/ApplicationServices.framework/Versions/A/Frameworks/ATS.framework/Versions/A/Resources/libFontParser.dylib
0x00000000004ae000 	/System/Library/Frameworks/ApplicationServices.framework/Versions/A/Frameworks/ATS.framework/Versions/A/Resources/libFontRegistry.dylib
0x00000000004ae000 	/System/Library/PrivateFrameworks/AppleVPA.framework/Versions/A/AppleVPA
0x00000000004ae000 	/System/Library/PrivateFrameworks/AppleJPEG.framework/Versions/A/AppleJPEG
0x00000000004ae000 	/System/Library/Frameworks/ImageIO.framework/Versions/A/Resources/libJPEG.dylib
0x00000000004ae000 	/System/Library/Frameworks/ImageIO.framework/Versions/A/Resources/libTIFF.dylib
0x00000000004ae000 	/System/Library/Frameworks/ImageIO.framework/Versions/A/Resources/libPng.dylib
0x00000000004ae000 	/System/Library/Frameworks/ImageIO.framework/Versions/A/Resources/libGIF.dylib
0x00000000004ae000 	/System/Library/Frameworks/ImageIO.framework/Versions/A/Resources/libJP2.dylib
0x00000000004ae000 	/System/Library/Frameworks/ImageIO.framework/Versions/A/Resources/libRadiance.dylib
0x00000000004ae000 	/System/Library/Frameworks/CoreVideo.framework/Versions/A/CoreVideo
0x00000000004ae000 	/System/Library/Frameworks/OpenGL.framework/Versions/A/Libraries/libGLU.dylib
0x00000000004ae000 	/System/Library/Frameworks/OpenGL.framework/Versions/A/Libraries/libGFXShared.dylib
0x00000000004ae000 	/System/Library/Frameworks/OpenGL.framework/Versions/A/Libraries/libGL.dylib
0x00000000004ae000 	/System/Library/Frameworks/OpenGL.framework/Versions/A/Libraries/libGLImage.dylib
0x00000000004ae000 	/System/Library/Frameworks/OpenGL.framework/Versions/A/Libraries/libCVMSPluginSupport.dylib
0x00000000004ae000 	/System/Library/Frameworks/OpenGL.framework/Versions/A/Libraries/libCoreVMClient.dylib
0x00000000004ae000 	/usr/lib/libcompression.dylib
0x00000000004ae000 	/usr/lib/libcups.2.dylib
0x00000000004ae000 	/System/Library/Frameworks/Kerberos.framework/Versions/A/Kerberos
0x00000000004ae000 	/System/Library/Frameworks/GSS.framework/Versions/A/GSS
0x00000000004ae000 	/usr/lib/libresolv.9.dylib
0x00000000004ae000 	/usr/lib/libiconv.2.dylib
0x00000000004ae000 	/System/Library/PrivateFrameworks/Heimdal.framework/Versions/A/Heimdal
0x00000000004ae000 	/usr/lib/libheimdal-asn1.dylib
0x00000000004ae000 	/System/Library/Frameworks/OpenDirectory.framework/Versions/A/OpenDirectory
0x00000000004ae000 	/System/Library/PrivateFrameworks/CommonAuth.framework/Versions/A/CommonAuth
0x00000000004ae000 	/System/Library/Frameworks/OpenDirectory.framework/Versions/A/Frameworks/CFOpenDirectory.framework/Versions/A/CFOpenDirectory
0x00000000004ae000 	/System/Library/Frameworks/SecurityFoundation.framework/Versions/A/SecurityFoundation
0x00000000004ae000 	/System/Library/PrivateFrameworks/LanguageModeling.framework/Versions/A/LanguageModeling
0x00000000004ae000 	/usr/lib/libmarisa.dylib
0x00000000004ae000 	/usr/lib/libChineseTokenizer.dylib
0x00000000004ae000 	/usr/lib/libcmph.dylib
0x000000010a6d6000 	/System/Library/Frameworks/ServiceManagement.framework/Versions/A/ServiceManagement
0x00000000004ae000 	/usr/lib/libxslt.1.dylib
0x00000000004ae000 	/System/Library/Frameworks/Carbon.framework/Versions/A/Frameworks/Ink.framework/Versions/A/Ink
0x00000000004ae000 	/usr/lib/libFosl_dynamic.dylib
0x00000000004ae000 	/System/Library/PrivateFrameworks/FaceCore.framework/Versions/A/FaceCore
0x00000000004ae000 	/System/Library/Frameworks/OpenCL.framework/Versions/A/OpenCL
0x00000000004ae000 	/System/Library/PrivateFrameworks/CrashReporterSupport.framework/Versions/A/CrashReporterSupport
0x00000000004ae000 	/System/Library/PrivateFrameworks/IconServices.framework/Versions/A/IconServices
0x00000000004ae000 	/System/Library/PrivateFrameworks/Apple80211.framework/Versions/A/Apple80211
0x00000000004ae000 	/System/Library/Frameworks/CoreWLAN.framework/Versions/A/CoreWLAN
0x00000000004ae000 	/System/Library/Frameworks/IOBluetooth.framework/Versions/A/IOBluetooth
0x00000000004ae000 	/System/Library/PrivateFrameworks/CoreWiFi.framework/Versions/A/CoreWiFi
0x00000000004ae000 	/System/Library/Frameworks/CoreBluetooth.framework/Versions/A/CoreBluetooth
0x00000000004ae000 	/System/Library/PrivateFrameworks/ChunkingLibrary.framework/Versions/A/ChunkingLibrary
0x00000000004ae000 	/System/Library/PrivateFrameworks/DebugSymbols.framework/Versions/A/DebugSymbols
0x00000000004ae000 	/System/Library/PrivateFrameworks/CoreSymbolication.framework/Versions/A/CoreSymbolication
0x00000000004ae000 	/System/Library/PrivateFrameworks/Symbolication.framework/Versions/A/Symbolication
0x00000000004ae000 	/System/Library/PrivateFrameworks/SpeechRecognitionCore.framework/Versions/A/SpeechRecognitionCore
0x000000010a93b000 	/Library/Java/JavaVirtualMachines/jdk1.8.0_71.jdk/Contents/Home/jre/lib/server/libjvm.dylib
0x00000000004ae000 	/usr/lib/libstdc++.6.dylib
0x000000010b8ca000 	/Library/Java/JavaVirtualMachines/jdk1.8.0_71.jdk/Contents/Home/jre/lib/libverify.dylib
0x000000010b8d8000 	/Library/Java/JavaVirtualMachines/jdk1.8.0_71.jdk/Contents/Home/jre/lib/libjava.dylib
0x000000010b915000 	/Library/Java/JavaVirtualMachines/jdk1.8.0_71.jdk/Contents/Home/jre/lib/libzip.dylib
0x0000000121a97000 	/System/Library/Frameworks/JavaVM.framework/Frameworks/JavaRuntimeSupport.framework/JavaRuntimeSupport
0x000000010b9e9000 	/System/Library/Frameworks/JavaVM.framework/Versions/A/Frameworks/JavaNativeFoundation.framework/Versions/A/JavaNativeFoundation
0x0000000121ab2000 	/System/Library/Frameworks/JavaVM.framework/Versions/A/JavaVM
0x00000000004ae000 	/System/Library/Frameworks/Carbon.framework/Versions/A/Carbon
0x0000000121abf000 	/System/Library/PrivateFrameworks/JavaLaunching.framework/Versions/A/JavaLaunching
0x00000000004ae000 	/System/Library/Frameworks/Carbon.framework/Versions/A/Frameworks/CommonPanels.framework/Versions/A/CommonPanels
0x00000000004ae000 	/System/Library/Frameworks/Carbon.framework/Versions/A/Frameworks/Help.framework/Versions/A/Help
0x00000000004ae000 	/System/Library/Frameworks/Carbon.framework/Versions/A/Frameworks/ImageCapture.framework/Versions/A/ImageCapture
0x00000000004ae000 	/System/Library/Frameworks/Carbon.framework/Versions/A/Frameworks/OpenScripting.framework/Versions/A/OpenScripting
0x00000000004ae000 	/System/Library/Frameworks/Carbon.framework/Versions/A/Frameworks/Print.framework/Versions/A/Print
0x00000000004ae000 	/System/Library/Frameworks/Carbon.framework/Versions/A/Frameworks/SecurityHI.framework/Versions/A/SecurityHI
0x000000012341b000 	/Library/Java/JavaVirtualMachines/jdk1.8.0_71.jdk/Contents/Home/jre/lib/libawt.dylib
0x00000001234c3000 	/Library/Java/JavaVirtualMachines/jdk1.8.0_71.jdk/Contents/Home/jre/lib/./libmlib_image.dylib
0x000000012358f000 	/Library/Java/JavaVirtualMachines/jdk1.8.0_71.jdk/Contents/Home/jre/lib/libawt_lwawt.dylib
0x0000000123644000 	/Library/Java/JavaVirtualMachines/jdk1.8.0_71.jdk/Contents/Home/jre/lib/./libosxapp.dylib
0x00000000004ae000 	/System/Library/Frameworks/ExceptionHandling.framework/Versions/A/ExceptionHandling
0x00000000004ae000 	/System/Library/PrivateFrameworks/CoreServicesInternal.framework/Versions/A/CoreServicesInternal
0x00000000004ae000 	/System/Library/Frameworks/CoreGraphics.framework/Versions/A/Resources/libRIP.A.dylib
0x0000000124453000 	/System/Library/Frameworks/Accelerate.framework/Frameworks/vImage.framework/Versions/A/Libraries/libCGInterfaces.dylib
0x00000000004ae000 	/System/Library/Frameworks/CoreGraphics.framework/Versions/A/Resources/libCGXType.A.dylib
0x00000000004ae000 	/System/Library/Frameworks/OpenCL.framework/Versions/A/Libraries/libcldcpuengine.dylib
0x00000000004ae000 	/System/Library/PrivateFrameworks/DiskImages.framework/Versions/A/DiskImages
0x00000000004ae000 	/System/Library/Frameworks/DiscRecording.framework/Versions/A/DiscRecording
0x00000000004ae000 	/usr/lib/libcsfde.dylib
0x00000000004ae000 	/usr/lib/libcurl.4.dylib
0x00000000004ae000 	/System/Library/PrivateFrameworks/MediaKit.framework/Versions/A/MediaKit
0x00000000004ae000 	/System/Library/PrivateFrameworks/ProtectedCloudStorage.framework/Versions/A/ProtectedCloudStorage
0x00000000004ae000 	/usr/lib/libCoreStorage.dylib
0x00000000004ae000 	/System/Library/PrivateFrameworks/EFILogin.framework/Versions/A/EFILogin
0x00000000004ae000 	/usr/lib/libutil.dylib
0x00000000004ae000 	/System/Library/PrivateFrameworks/FindMyDevice.framework/Versions/A/FindMyDevice
0x00000000004ae000 	/System/Library/Frameworks/LDAP.framework/Versions/A/LDAP
0x00000000004ae000 	/usr/lib/libsasl2.2.dylib
0x00000000004ae000 	/System/Library/PrivateFrameworks/CoreDaemon.framework/Versions/B/CoreDaemon
0x00000000004ae000 	/usr/lib/libcrypto.0.9.8.dylib
0x00000000004ae000 	/System/Library/PrivateFrameworks/AppleSRP.framework/Versions/A/AppleSRP
0x00000000004ae000 	/System/Library/PrivateFrameworks/TrustEvaluationAgent.framework/Versions/A/TrustEvaluationAgent
0x0000000125254000 	cl_kernels
0x00000000004ae000 	/System/Library/Frameworks/OpenCL.framework/Versions/A/Libraries/ImageFormats/unorm8_bgra.dylib
0x00000000004ae000 	/System/Library/Frameworks/OpenCL.framework/Versions/A/Libraries/ImageFormats/unorm8_rgba.dylib
0x00000000004ae000 	/System/Library/PrivateFrameworks/FamilyControls.framework/Versions/A/FamilyControls
0x00000000004ae000 	/System/Library/PrivateFrameworks/CommerceKit.framework/Versions/A/Frameworks/CommerceCore.framework/Versions/A/CommerceCore
0x00000000004ae000 	/System/Library/PrivateFrameworks/SystemAdministration.framework/Versions/A/SystemAdministration
0x00000000004ae000 	/System/Library/PrivateFrameworks/AppContainer.framework/Versions/A/AppContainer
0x00000000004ae000 	/System/Library/PrivateFrameworks/SecCodeWrapper.framework/Versions/A/SecCodeWrapper
0x00000000004ae000 	/System/Library/Frameworks/DirectoryService.framework/Versions/A/DirectoryService
0x00000000004ae000 	/System/Library/PrivateFrameworks/LoginUIKit.framework/Versions/A/Frameworks/LoginUICore.framework/Versions/A/LoginUICore
0x00000000004ae000 	/usr/lib/libodfde.dylib
0x0000000126352000 	/System/Library/Frameworks/OpenGL.framework/Resources/GLEngine.bundle/GLEngine
0x00000000004ae000 	/System/Library/Frameworks/OpenGL.framework/Versions/A/Libraries/libGLProgrammability.dylib
0x000000012653a000 	/System/Library/Extensions/AppleIntelBDWGraphicsGLDriver.bundle/Contents/MacOS/AppleIntelBDWGraphicsGLDriver
0x00000000004ae000 	/System/Library/PrivateFrameworks/GPUSupport.framework/Versions/A/Libraries/libGPUSupportMercury.dylib
0x0000000126c82000 	/System/Library/Frameworks/OpenGL.framework/Resources//GLRendererFloat.bundle/GLRendererFloat
0x00000001274f1000 	/Library/Java/JavaVirtualMachines/jdk1.8.0_71.jdk/Contents/Home/jre/lib/libfontmanager.dylib
0x00000001289be000 	/Library/Java/JavaVirtualMachines/jdk1.8.0_71.jdk/Contents/Home/jre/lib/libosxui.dylib
0x000000012943f000 	/Library/Java/JavaVirtualMachines/jdk1.8.0_71.jdk/Contents/Home/jre/lib/libnet.dylib
0x00000001294bd000 	/Library/Java/JavaVirtualMachines/jdk1.8.0_71.jdk/Contents/Home/jre/lib/libnio.dylib
0x00000000004ae000 	/System/Library/Frameworks/ApplicationServices.framework/Versions/A/Frameworks/ATS.framework/Versions/A/Resources/libTrueTypeScaler.dylib
0x000000017a87f000 	/System/Library/Extensions/AppleIntelBDWGraphicsMTLDriver.bundle/Contents/MacOS/AppleIntelBDWGraphicsMTLDriver
0x000000017a786000 	/private/var/folders/bp/4r8fjq1s4h53mndl7lh4ynwc0000gn/T/jogamp_0000/file_cache/jln1156873252647658255/jln3295556551438920219/libgluegen-rt.jnilib
0x0000000128749000 	/private/var/folders/bp/4r8fjq1s4h53mndl7lh4ynwc0000gn/T/jogamp_0000/file_cache/jln1156873252647658255/jln3295556551438920219/libnativewindow_awt.jnilib
0x00000001294da000 	/Library/Java/JavaVirtualMachines/jdk1.8.0_71.jdk/Contents/Home/jre/lib/libjawt.dylib
0x000000017a78a000 	/private/var/folders/bp/4r8fjq1s4h53mndl7lh4ynwc0000gn/T/jogamp_0000/file_cache/jln1156873252647658255/jln3295556551438920219/libnativewindow_macosx.jnilib
0x000000017af7c000 	/private/var/folders/bp/4r8fjq1s4h53mndl7lh4ynwc0000gn/T/jogamp_0000/file_cache/jln1156873252647658255/jln3295556551438920219/libjogl_desktop.jnilib
0x0000000124f8c000 	/Library/Java/JavaVirtualMachines/jdk1.8.0_71.jdk/Contents/Home/jre/lib/libt2k.dylib
0x000000012520c000 	/Library/Java/JavaVirtualMachines/jdk1.8.0_71.jdk/Contents/Home/jre/lib/libjpeg.dylib

VM Arguments:
jvm_args: -Djava.security.policy=java.policy.applet -Dfile.encoding=UTF-8 
java_command: sun.applet.AppletViewer module4.EarthquakeCityMap1465288783616.html
java_class_path (initial): /Users/ruoyancai/Workspace/UCSDUnfoldingMaps/build:/Users/ruoyancai/Workspace/UCSDUnfoldingMaps/lib/core.jar:/Users/ruoyancai/Workspace/UCSDUnfoldingMaps/lib/gluegen-rt.jar:/Users/ruoyancai/Workspace/UCSDUnfoldingMaps/lib/jogl-all.jar:/Users/ruoyancai/Workspace/UCSDUnfoldingMaps/lib/log4j-1.2.15.jar:/Users/ruoyancai/Workspace/UCSDUnfoldingMaps/lib/sqlite-jdbc-3.7.2.jar:/Users/ruoyancai/Workspace/UCSDUnfoldingMaps/lib/json4processing.jar:/Users/ruoyancai/Workspace/UCSDUnfoldingMaps/lib/libTUIO.jar:/Users/ruoyancai/Workspace/UCSDUnfoldingMaps/lib/unfolding.0.9.7-uscd.jar
Launcher Type: SUN_STANDARD

Environment Variables:
PATH=/usr/bin:/bin:/usr/sbin:/sbin
SHELL=/bin/bash

Signal Handlers:
SIGSEGV: [libjvm.dylib+0x5a68c5], sa_mask[0]=11111111011111110111111111111111, sa_flags=SA_ONSTACK|SA_RESTART|SA_SIGINFO
SIGBUS: [libjvm.dylib+0x5a68c5], sa_mask[0]=11111111011111110111111111111111, sa_flags=SA_RESTART|SA_SIGINFO
SIGFPE: [libjvm.dylib+0x4805d4], sa_mask[0]=11111111011111110111111111111111, sa_flags=SA_RESTART|SA_SIGINFO
SIGPIPE: [libjvm.dylib+0x4805d4], sa_mask[0]=11111111011111110111111111111111, sa_flags=SA_RESTART|SA_SIGINFO
SIGXFSZ: [libjvm.dylib+0x4805d4], sa_mask[0]=11111111011111110111111111111111, sa_flags=SA_RESTART|SA_SIGINFO
SIGILL: [libjvm.dylib+0x4805d4], sa_mask[0]=11111111011111110111111111111111, sa_flags=SA_RESTART|SA_SIGINFO
SIGUSR1: SIG_DFL, sa_mask[0]=00000000000000000000000000000000, sa_flags=none
SIGUSR2: [libjvm.dylib+0x4800f2], sa_mask[0]=00100000000000000000000000000000, sa_flags=SA_RESTART|SA_SIGINFO
SIGHUP: [libjvm.dylib+0x47e6c9], sa_mask[0]=11111111011111110111111111111111, sa_flags=SA_RESTART|SA_SIGINFO
SIGINT: [libjvm.dylib+0x47e6c9], sa_mask[0]=11111111011111110111111111111111, sa_flags=SA_RESTART|SA_SIGINFO
SIGTERM: [libjvm.dylib+0x47e6c9], sa_mask[0]=11111111011111110111111111111111, sa_flags=SA_RESTART|SA_SIGINFO
SIGQUIT: [libjvm.dylib+0x47e6c9], sa_mask[0]=11111111011111110111111111111111, sa_flags=SA_RESTART|SA_SIGINFO


---------------  S Y S T E M  ---------------

OS:Bsduname:Darwin 15.5.0 Darwin Kernel Version 15.5.0: Tue Apr 19 18:36:36 PDT 2016; root:xnu-3248.50.21~8/RELEASE_X86_64 x86_64
rlimit: STACK 8192k, CORE 0k, NPROC 709, NOFILE 10240, AS infinity
load average:3.62 3.08 2.95

CPU:total 4 (2 cores per cpu, 2 threads per core) family 6 model 61 stepping 4, cmov, cx8, fxsr, mmx, sse, sse2, sse3, ssse3, sse4.1, sse4.2, popcnt, avx, avx2, aes, clmul, erms, 3dnowpref, lzcnt, ht, tsc, tscinvbit, bmi1, bmi2, adx

Memory: 4k page, physical 8388608k(33716k free)

/proc/meminfo:


vm_info: Java HotSpot(TM) 64-Bit Server VM (25.71-b15) for bsd-amd64 JRE (1.8.0_71-b15), built on Dec 22 2015 15:11:44 by "java_re" with gcc 4.2.1 (Based on Apple Inc. build 5658) (LLVM build 2336.11.00)

time: Tue Jun  7 16:39:53 2016
elapsed time: 9 seconds (0d 0h 0m 9s)

